[31.521s] Invoking command in '/home/bbcontact/Downloads/IMU Inertial Navigation Module-20260619T102908Z-3-001/IMU Inertial Navigation Module/1. Tutorials/2. IMU Application Routines/Program Files /6.ROS2 Application Program/ros2_imu/wit_ros2_imu': PYTHONPATH=/home/bbcontact/Downloads/IMU Inertial Navigation Module-20260619T102908Z-3-001/IMU Inertial Navigation Module/1. Tutorials/2. IMU Application Routines/Program Files /6.ROS2 Application Program/ros2_imu/wit_ros2_imu/build/wit_ros2_imu/prefix_override:/usr/lib/python3/dist-packages/colcon_core/task/python/colcon_distutils_commands:/home/bbcontact/Downloads/IMU Inertial Navigation Module-20260619T102908Z-3-001/IMU Inertial Navigation Module/1. Tutorials/2. IMU Application Routines/Program Files /6.ROS2 Application Program/ros2_imu/wit_ros2_imu/install/wit_ros2_imu/lib/python3.10/site-packages:${PYTHONPATH} /usr/bin/python3 -W ignore:setup.py install is deprecated -W ignore:easy_install command is deprecated setup.py egg_info --egg-base build/wit_ros2_imu build --build-base /home/bbcontact/Downloads/IMU Inertial Navigation Module-20260619T102908Z-3-001/IMU Inertial Navigation Module/1. Tutorials/2. IMU Application Routines/Program Files /6.ROS2 Application Program/ros2_imu/wit_ros2_imu/build/wit_ros2_imu/build install --record /home/bbcontact/Downloads/IMU Inertial Navigation Module-20260619T102908Z-3-001/IMU Inertial Navigation Module/1. Tutorials/2. IMU Application Routines/Program Files /6.ROS2 Application Program/ros2_imu/wit_ros2_imu/build/wit_ros2_imu/install.log --single-version-externally-managed install_data
[31.952s] /home/bbcontact/.local/lib/python3.10/site-packages/setuptools/_distutils/dist.py:287: UserWarning: Unknown distribution option: 'tests_require'
[31.952s]   warnings.warn(msg)
[32.228s] running egg_info
[32.667s] writing build/wit_ros2_imu/wit_ros2_imu.egg-info/PKG-INFO
[32.667s] writing dependency_links to build/wit_ros2_imu/wit_ros2_imu.egg-info/dependency_links.txt
[32.668s] writing entry points to build/wit_ros2_imu/wit_ros2_imu.egg-info/entry_points.txt
[32.668s] writing requirements to build/wit_ros2_imu/wit_ros2_imu.egg-info/requires.txt
[32.668s] writing top-level names to build/wit_ros2_imu/wit_ros2_imu.egg-info/top_level.txt
[32.775s] reading manifest file 'build/wit_ros2_imu/wit_ros2_imu.egg-info/SOURCES.txt'
[32.778s] writing manifest file 'build/wit_ros2_imu/wit_ros2_imu.egg-info/SOURCES.txt'
[32.778s] running build
[32.779s] running build_py
[32.779s] copying wit_ros2_imu/wit_ros2_imu.py -> /home/bbcontact/Downloads/IMU Inertial Navigation Module-20260619T102908Z-3-001/IMU Inertial Navigation Module/1. Tutorials/2. IMU Application Routines/Program Files /6.ROS2 Application Program/ros2_imu/wit_ros2_imu/build/wit_ros2_imu/build/lib/wit_ros2_imu
[32.779s] running install
[32.789s] running install_lib
[32.836s] running install_data
[32.836s] copying package.xml -> /home/bbcontact/Downloads/IMU Inertial Navigation Module-20260619T102908Z-3-001/IMU Inertial Navigation Module/1. Tutorials/2. IMU Application Routines/Program Files /6.ROS2 Application Program/ros2_imu/wit_ros2_imu/install/wit_ros2_imu/share/wit_ros2_imu
[32.837s] copying launch/rviz_and_imu.launch.py -> /home/bbcontact/Downloads/IMU Inertial Navigation Module-20260619T102908Z-3-001/IMU Inertial Navigation Module/1. Tutorials/2. IMU Application Routines/Program Files /6.ROS2 Application Program/ros2_imu/wit_ros2_imu/install/wit_ros2_imu/share/wit_ros2_imu
[32.837s] running install_egg_info
[32.885s] removing '/home/bbcontact/Downloads/IMU Inertial Navigation Module-20260619T102908Z-3-001/IMU Inertial Navigation Module/1. Tutorials/2. IMU Application Routines/Program Files /6.ROS2 Application Program/ros2_imu/wit_ros2_imu/install/wit_ros2_imu/lib/python3.10/site-packages/wit_ros2_imu-0.0.0-py3.10.egg-info' (and everything under it)
[32.886s] Copying build/wit_ros2_imu/wit_ros2_imu.egg-info to /home/bbcontact/Downloads/IMU Inertial Navigation Module-20260619T102908Z-3-001/IMU Inertial Navigation Module/1. Tutorials/2. IMU Application Routines/Program Files /6.ROS2 Application Program/ros2_imu/wit_ros2_imu/install/wit_ros2_imu/lib/python3.10/site-packages/wit_ros2_imu-0.0.0-py3.10.egg-info
[32.887s] running install_scripts
[32.997s] Installing wit_ros2_imu script to /home/bbcontact/Downloads/IMU Inertial Navigation Module-20260619T102908Z-3-001/IMU Inertial Navigation Module/1. Tutorials/2. IMU Application Routines/Program Files /6.ROS2 Application Program/ros2_imu/wit_ros2_imu/install/wit_ros2_imu/lib/wit_ros2_imu
[32.998s] writing list of installed files to '/home/bbcontact/Downloads/IMU Inertial Navigation Module-20260619T102908Z-3-001/IMU Inertial Navigation Module/1. Tutorials/2. IMU Application Routines/Program Files /6.ROS2 Application Program/ros2_imu/wit_ros2_imu/build/wit_ros2_imu/install.log'
[33.054s] Invoked command in '/home/bbcontact/Downloads/IMU Inertial Navigation Module-20260619T102908Z-3-001/IMU Inertial Navigation Module/1. Tutorials/2. IMU Application Routines/Program Files /6.ROS2 Application Program/ros2_imu/wit_ros2_imu' returned '0': PYTHONPATH=/home/bbcontact/Downloads/IMU Inertial Navigation Module-20260619T102908Z-3-001/IMU Inertial Navigation Module/1. Tutorials/2. IMU Application Routines/Program Files /6.ROS2 Application Program/ros2_imu/wit_ros2_imu/build/wit_ros2_imu/prefix_override:/usr/lib/python3/dist-packages/colcon_core/task/python/colcon_distutils_commands:/home/bbcontact/Downloads/IMU Inertial Navigation Module-20260619T102908Z-3-001/IMU Inertial Navigation Module/1. Tutorials/2. IMU Application Routines/Program Files /6.ROS2 Application Program/ros2_imu/wit_ros2_imu/install/wit_ros2_imu/lib/python3.10/site-packages:${PYTHONPATH} /usr/bin/python3 -W ignore:setup.py install is deprecated -W ignore:easy_install command is deprecated setup.py egg_info --egg-base build/wit_ros2_imu build --build-base /home/bbcontact/Downloads/IMU Inertial Navigation Module-20260619T102908Z-3-001/IMU Inertial Navigation Module/1. Tutorials/2. IMU Application Routines/Program Files /6.ROS2 Application Program/ros2_imu/wit_ros2_imu/build/wit_ros2_imu/build install --record /home/bbcontact/Downloads/IMU Inertial Navigation Module-20260619T102908Z-3-001/IMU Inertial Navigation Module/1. Tutorials/2. IMU Application Routines/Program Files /6.ROS2 Application Program/ros2_imu/wit_ros2_imu/build/wit_ros2_imu/install.log --single-version-externally-managed install_data
