[0.354s] DEBUG:colcon:Command line arguments: ['/usr/bin/colcon', 'build', '--packages-select', 'wit_ros2_imu']
[0.354s] DEBUG:colcon:Parsed command line arguments: Namespace(log_base=None, log_level=None, verb_name='build', build_base='build', install_base='install', merge_install=False, symlink_install=False, test_result_base=None, continue_on_error=False, executor='parallel', parallel_workers=8, event_handlers=None, ignore_user_meta=False, metas=['./colcon.meta'], base_paths=['.'], packages_ignore=None, packages_ignore_regex=None, paths=None, packages_up_to=None, packages_up_to_regex=None, packages_above=None, packages_above_and_dependencies=None, packages_above_depth=None, packages_select_by_dep=None, packages_skip_by_dep=None, packages_skip_up_to=None, packages_select_build_failed=False, packages_skip_build_finished=False, packages_select_test_failures=False, packages_skip_test_passed=False, packages_select=['wit_ros2_imu'], packages_skip=None, packages_select_regex=None, packages_skip_regex=None, packages_start=None, packages_end=None, allow_overriding=[], cmake_args=None, cmake_target=None, cmake_target_skip_unavailable=False, cmake_clean_cache=False, cmake_clean_first=False, cmake_force_configure=False, ament_cmake_args=None, catkin_cmake_args=None, catkin_skip_building_tests=False, mixin_files=None, mixin=None, verb_parser=<colcon_mixin.mixin.mixin_argument.MixinArgumentDecorator object at 0x7d03bf1a2500>, verb_extension=<colcon_core.verb.build.BuildVerb object at 0x7d03bf2ec040>, main=<bound method BuildVerb.main of <colcon_core.verb.build.BuildVerb object at 0x7d03bf2ec040>>, mixin_verb=('build',))
[0.467s] Level 1:colcon.colcon_core.package_discovery:discover_packages(colcon_meta) check parameters
[0.467s] Level 1:colcon.colcon_core.package_discovery:discover_packages(recursive) check parameters
[0.467s] Level 1:colcon.colcon_core.package_discovery:discover_packages(ignore) check parameters
[0.467s] Level 1:colcon.colcon_core.package_discovery:discover_packages(path) check parameters
[0.467s] Level 1:colcon.colcon_core.package_discovery:discover_packages(colcon_meta) discover
[0.467s] Level 1:colcon.colcon_core.package_discovery:discover_packages(recursive) discover
[0.467s] INFO:colcon.colcon_core.package_discovery:Crawling recursively for packages in '/home/bbcontact/Desktop/wit_ros2_imu'
[0.468s] Level 1:colcon.colcon_core.package_identification:_identify(.) by extensions ['ignore', 'ignore_ament_install']
[0.468s] Level 1:colcon.colcon_core.package_identification:_identify(.) by extension 'ignore'
[0.468s] Level 1:colcon.colcon_core.package_identification:_identify(.) by extension 'ignore_ament_install'
[0.468s] Level 1:colcon.colcon_core.package_identification:_identify(.) by extensions ['colcon_pkg']
[0.468s] Level 1:colcon.colcon_core.package_identification:_identify(.) by extension 'colcon_pkg'
[0.468s] Level 1:colcon.colcon_core.package_identification:_identify(.) by extensions ['colcon_meta']
[0.469s] Level 1:colcon.colcon_core.package_identification:_identify(.) by extension 'colcon_meta'
[0.469s] Level 1:colcon.colcon_core.package_identification:_identify(.) by extensions ['ros']
[0.469s] Level 1:colcon.colcon_core.package_identification:_identify(.) by extension 'ros'
[0.520s] DEBUG:colcon.colcon_core.package_identification:Package '.' with type 'ros.ament_python' and name 'wit_ros2_imu'
[0.520s] Level 1:colcon.colcon_core.package_discovery:discover_packages(recursive) using defaults
[0.521s] Level 1:colcon.colcon_core.package_discovery:discover_packages(ignore) discover
[0.521s] Level 1:colcon.colcon_core.package_discovery:discover_packages(ignore) using defaults
[0.521s] Level 1:colcon.colcon_core.package_discovery:discover_packages(path) discover
[0.521s] Level 1:colcon.colcon_core.package_discovery:discover_packages(path) using defaults
[0.588s] Level 1:colcon.colcon_core.package_discovery:discover_packages(prefix_path) check parameters
[0.589s] Level 1:colcon.colcon_core.package_discovery:discover_packages(prefix_path) discover
[0.595s] DEBUG:colcon.colcon_installed_package_information.package_discovery:Found 3 installed packages in /home/bbcontact/microros_ws/install
[0.599s] DEBUG:colcon.colcon_installed_package_information.package_discovery:Found 407 installed packages in /opt/ros/humble
[0.604s] Level 1:colcon.colcon_core.package_discovery:discover_packages(prefix_path) using defaults
[0.718s] Level 5:colcon.colcon_core.verb:set package 'wit_ros2_imu' build argument 'cmake_args' from command line to 'None'
[0.718s] Level 5:colcon.colcon_core.verb:set package 'wit_ros2_imu' build argument 'cmake_target' from command line to 'None'
[0.718s] Level 5:colcon.colcon_core.verb:set package 'wit_ros2_imu' build argument 'cmake_target_skip_unavailable' from command line to 'False'
[0.718s] Level 5:colcon.colcon_core.verb:set package 'wit_ros2_imu' build argument 'cmake_clean_cache' from command line to 'False'
[0.718s] Level 5:colcon.colcon_core.verb:set package 'wit_ros2_imu' build argument 'cmake_clean_first' from command line to 'False'
[0.718s] Level 5:colcon.colcon_core.verb:set package 'wit_ros2_imu' build argument 'cmake_force_configure' from command line to 'False'
[0.718s] Level 5:colcon.colcon_core.verb:set package 'wit_ros2_imu' build argument 'ament_cmake_args' from command line to 'None'
[0.718s] Level 5:colcon.colcon_core.verb:set package 'wit_ros2_imu' build argument 'catkin_cmake_args' from command line to 'None'
[0.718s] Level 5:colcon.colcon_core.verb:set package 'wit_ros2_imu' build argument 'catkin_skip_building_tests' from command line to 'False'
[0.718s] DEBUG:colcon.colcon_core.verb:Building package 'wit_ros2_imu' with the following arguments: {'ament_cmake_args': None, 'build_base': '/home/bbcontact/Desktop/wit_ros2_imu/build/wit_ros2_imu', 'catkin_cmake_args': None, 'catkin_skip_building_tests': False, 'cmake_args': None, 'cmake_clean_cache': False, 'cmake_clean_first': False, 'cmake_force_configure': False, 'cmake_target': None, 'cmake_target_skip_unavailable': False, 'install_base': '/home/bbcontact/Desktop/wit_ros2_imu/install/wit_ros2_imu', 'merge_install': False, 'path': '/home/bbcontact/Desktop/wit_ros2_imu', 'symlink_install': False, 'test_result_base': None}
[0.719s] INFO:colcon.colcon_core.executor:Executing jobs using 'parallel' executor
[0.720s] DEBUG:colcon.colcon_parallel_executor.executor.parallel:run_until_complete
[0.721s] INFO:colcon.colcon_ros.task.ament_python.build:Building ROS package in '/home/bbcontact/Desktop/wit_ros2_imu' with build type 'ament_python'
[0.721s] Level 1:colcon.colcon_core.shell:create_environment_hook('wit_ros2_imu', 'ament_prefix_path')
[0.725s] INFO:colcon.colcon_core.plugin_system:Skipping extension 'colcon_core.shell.bat': Not used on non-Windows systems
[0.725s] INFO:colcon.colcon_core.shell:Creating environment hook '/home/bbcontact/Desktop/wit_ros2_imu/install/wit_ros2_imu/share/wit_ros2_imu/hook/ament_prefix_path.ps1'
[0.726s] INFO:colcon.colcon_core.shell:Creating environment descriptor '/home/bbcontact/Desktop/wit_ros2_imu/install/wit_ros2_imu/share/wit_ros2_imu/hook/ament_prefix_path.dsv'
[0.727s] INFO:colcon.colcon_core.shell:Creating environment hook '/home/bbcontact/Desktop/wit_ros2_imu/install/wit_ros2_imu/share/wit_ros2_imu/hook/ament_prefix_path.sh'
[0.729s] INFO:colcon.colcon_core.shell:Skip shell extension 'powershell' for command environment: Not usable outside of PowerShell
[0.729s] DEBUG:colcon.colcon_core.shell:Skip shell extension 'dsv' for command environment
[31.715s] INFO:colcon.colcon_core.task.python.build:Building Python package in '/home/bbcontact/Desktop/wit_ros2_imu'
[31.716s] INFO:colcon.colcon_core.shell:Skip shell extension 'powershell' for command environment: Not usable outside of PowerShell
[31.716s] DEBUG:colcon.colcon_core.shell:Skip shell extension 'dsv' for command environment
[32.956s] DEBUG:colcon.colcon_core.event_handler.log_command:Invoking command in '/home/bbcontact/Desktop/wit_ros2_imu': PYTHONPATH=/home/bbcontact/Desktop/wit_ros2_imu/build/wit_ros2_imu/prefix_override:/usr/lib/python3/dist-packages/colcon_core/task/python/colcon_distutils_commands:/home/bbcontact/Desktop/wit_ros2_imu/install/wit_ros2_imu/lib/python3.10/site-packages:${PYTHONPATH} /usr/bin/python3 -W ignore:setup.py install is deprecated -W ignore:easy_install command is deprecated setup.py egg_info --egg-base build/wit_ros2_imu build --build-base /home/bbcontact/Desktop/wit_ros2_imu/build/wit_ros2_imu/build install --record /home/bbcontact/Desktop/wit_ros2_imu/build/wit_ros2_imu/install.log --single-version-externally-managed install_data
[60.781s] DEBUG:colcon.colcon_core.event_handler.log_command:Invoked command in '/home/bbcontact/Desktop/wit_ros2_imu' returned '0': PYTHONPATH=/home/bbcontact/Desktop/wit_ros2_imu/build/wit_ros2_imu/prefix_override:/usr/lib/python3/dist-packages/colcon_core/task/python/colcon_distutils_commands:/home/bbcontact/Desktop/wit_ros2_imu/install/wit_ros2_imu/lib/python3.10/site-packages:${PYTHONPATH} /usr/bin/python3 -W ignore:setup.py install is deprecated -W ignore:easy_install command is deprecated setup.py egg_info --egg-base build/wit_ros2_imu build --build-base /home/bbcontact/Desktop/wit_ros2_imu/build/wit_ros2_imu/build install --record /home/bbcontact/Desktop/wit_ros2_imu/build/wit_ros2_imu/install.log --single-version-externally-managed install_data
[60.824s] Level 1:colcon.colcon_core.environment:checking '/home/bbcontact/Desktop/wit_ros2_imu/install/wit_ros2_imu' for CMake module files
[60.826s] Level 1:colcon.colcon_core.environment:checking '/home/bbcontact/Desktop/wit_ros2_imu/install/wit_ros2_imu' for CMake config files
[60.830s] Level 1:colcon.colcon_core.environment:checking '/home/bbcontact/Desktop/wit_ros2_imu/install/wit_ros2_imu/lib'
[60.831s] Level 1:colcon.colcon_core.environment:checking '/home/bbcontact/Desktop/wit_ros2_imu/install/wit_ros2_imu/bin'
[60.831s] Level 1:colcon.colcon_core.environment:checking '/home/bbcontact/Desktop/wit_ros2_imu/install/wit_ros2_imu/lib/pkgconfig/wit_ros2_imu.pc'
[60.832s] Level 1:colcon.colcon_core.environment:checking '/home/bbcontact/Desktop/wit_ros2_imu/install/wit_ros2_imu/lib/python3.10/site-packages'
[60.833s] Level 1:colcon.colcon_core.shell:create_environment_hook('wit_ros2_imu', 'pythonpath')
[60.834s] INFO:colcon.colcon_core.shell:Creating environment hook '/home/bbcontact/Desktop/wit_ros2_imu/install/wit_ros2_imu/share/wit_ros2_imu/hook/pythonpath.ps1'
[60.836s] INFO:colcon.colcon_core.shell:Creating environment descriptor '/home/bbcontact/Desktop/wit_ros2_imu/install/wit_ros2_imu/share/wit_ros2_imu/hook/pythonpath.dsv'
[60.838s] INFO:colcon.colcon_core.shell:Creating environment hook '/home/bbcontact/Desktop/wit_ros2_imu/install/wit_ros2_imu/share/wit_ros2_imu/hook/pythonpath.sh'
[60.842s] Level 1:colcon.colcon_core.environment:checking '/home/bbcontact/Desktop/wit_ros2_imu/install/wit_ros2_imu/bin'
[60.842s] Level 1:colcon.colcon_core.environment:create_environment_scripts_only(wit_ros2_imu)
[60.844s] INFO:colcon.colcon_core.shell:Creating package script '/home/bbcontact/Desktop/wit_ros2_imu/install/wit_ros2_imu/share/wit_ros2_imu/package.ps1'
[60.850s] INFO:colcon.colcon_core.shell:Creating package descriptor '/home/bbcontact/Desktop/wit_ros2_imu/install/wit_ros2_imu/share/wit_ros2_imu/package.dsv'
[60.853s] INFO:colcon.colcon_core.shell:Creating package script '/home/bbcontact/Desktop/wit_ros2_imu/install/wit_ros2_imu/share/wit_ros2_imu/package.sh'
[60.856s] INFO:colcon.colcon_core.shell:Creating package script '/home/bbcontact/Desktop/wit_ros2_imu/install/wit_ros2_imu/share/wit_ros2_imu/package.bash'
[60.860s] INFO:colcon.colcon_core.shell:Creating package script '/home/bbcontact/Desktop/wit_ros2_imu/install/wit_ros2_imu/share/wit_ros2_imu/package.zsh'
[60.863s] Level 1:colcon.colcon_core.environment:create_file_with_runtime_dependencies(/home/bbcontact/Desktop/wit_ros2_imu/install/wit_ros2_imu/share/colcon-core/packages/wit_ros2_imu)
[60.864s] DEBUG:colcon.colcon_parallel_executor.executor.parallel:closing loop
[60.866s] DEBUG:colcon.colcon_parallel_executor.executor.parallel:loop closed
[60.866s] DEBUG:colcon.colcon_parallel_executor.executor.parallel:run_until_complete finished with '0'
[60.866s] DEBUG:colcon.colcon_core.event_reactor:joining thread
[60.889s] INFO:colcon.colcon_core.plugin_system:Skipping extension 'colcon_notification.desktop_notification.terminal_notifier': Not used on non-Darwin systems
[60.890s] INFO:colcon.colcon_core.plugin_system:Skipping extension 'colcon_notification.desktop_notification.win32': Not used on non-Windows systems
[60.890s] INFO:colcon.colcon_notification.desktop_notification:Sending desktop notification using 'notify2'
[60.890s] DEBUG:colcon.colcon_notification.desktop_notification.notify2:Failed to initialize notify2: org.freedesktop.DBus.Error.AccessDenied: Failed to connect to socket /run/user/1000/bus: Operation not permitted
[60.891s] DEBUG:colcon.colcon_core.event_reactor:joined thread
[60.892s] INFO:colcon.colcon_core.shell:Creating prefix script '/home/bbcontact/Desktop/wit_ros2_imu/install/local_setup.ps1'
[60.896s] INFO:colcon.colcon_core.shell:Creating prefix util module '/home/bbcontact/Desktop/wit_ros2_imu/install/_local_setup_util_ps1.py'
[60.902s] INFO:colcon.colcon_core.shell:Creating prefix chain script '/home/bbcontact/Desktop/wit_ros2_imu/install/setup.ps1'
[60.907s] INFO:colcon.colcon_core.shell:Creating prefix script '/home/bbcontact/Desktop/wit_ros2_imu/install/local_setup.sh'
[60.909s] INFO:colcon.colcon_core.shell:Creating prefix util module '/home/bbcontact/Desktop/wit_ros2_imu/install/_local_setup_util_sh.py'
[60.911s] INFO:colcon.colcon_core.shell:Creating prefix chain script '/home/bbcontact/Desktop/wit_ros2_imu/install/setup.sh'
[60.916s] INFO:colcon.colcon_core.shell:Creating prefix script '/home/bbcontact/Desktop/wit_ros2_imu/install/local_setup.bash'
[60.918s] INFO:colcon.colcon_core.shell:Creating prefix chain script '/home/bbcontact/Desktop/wit_ros2_imu/install/setup.bash'
[60.921s] INFO:colcon.colcon_core.shell:Creating prefix script '/home/bbcontact/Desktop/wit_ros2_imu/install/local_setup.zsh'
[60.923s] INFO:colcon.colcon_core.shell:Creating prefix chain script '/home/bbcontact/Desktop/wit_ros2_imu/install/setup.zsh'
