[1.999s] Invoking command in '/home/bbcontact/Desktop/wit_ros2_imu': PYTHONPATH=/home/bbcontact/Desktop/wit_ros2_imu/build/wit_ros2_imu/prefix_override:/usr/lib/python3/dist-packages/colcon_core/task/python/colcon_distutils_commands:/home/bbcontact/Desktop/wit_ros2_imu/install/wit_ros2_imu/lib/python3.10/site-packages:${PYTHONPATH} /usr/bin/python3 -W ignore:setup.py install is deprecated -W ignore:easy_install command is deprecated setup.py egg_info --egg-base build/wit_ros2_imu build --build-base /home/bbcontact/Desktop/wit_ros2_imu/build/wit_ros2_imu/build install --record /home/bbcontact/Desktop/wit_ros2_imu/build/wit_ros2_imu/install.log --single-version-externally-managed install_data
[2.988s] running egg_info
[3.644s] writing build/wit_ros2_imu/wit_ros2_imu.egg-info/PKG-INFO
[3.645s] writing dependency_links to build/wit_ros2_imu/wit_ros2_imu.egg-info/dependency_links.txt
[3.645s] writing entry points to build/wit_ros2_imu/wit_ros2_imu.egg-info/entry_points.txt
[3.646s] writing requirements to build/wit_ros2_imu/wit_ros2_imu.egg-info/requires.txt
[3.646s] writing top-level names to build/wit_ros2_imu/wit_ros2_imu.egg-info/top_level.txt
[3.825s] reading manifest file 'build/wit_ros2_imu/wit_ros2_imu.egg-info/SOURCES.txt'
[3.830s] writing manifest file 'build/wit_ros2_imu/wit_ros2_imu.egg-info/SOURCES.txt'
[3.830s] running build
[3.830s] running build_py
[3.831s] copying wit_ros2_imu/wit_ros2_imu.py -> /home/bbcontact/Desktop/wit_ros2_imu/build/wit_ros2_imu/build/lib/wit_ros2_imu
[3.832s] copying wit_ros2_imu/imu_odom.py -> /home/bbcontact/Desktop/wit_ros2_imu/build/wit_ros2_imu/build/lib/wit_ros2_imu
[3.833s] running install
[3.851s] running install_lib
[3.947s] running install_data
[3.948s] copying package.xml -> /home/bbcontact/Desktop/wit_ros2_imu/install/wit_ros2_imu/share/wit_ros2_imu
[3.949s] copying launch/rviz_and_imu.launch.py -> /home/bbcontact/Desktop/wit_ros2_imu/install/wit_ros2_imu/share/wit_ros2_imu/launch
[3.950s] copying config/imu.rviz -> /home/bbcontact/Desktop/wit_ros2_imu/install/wit_ros2_imu/share/wit_ros2_imu/config
[3.951s] copying urdf/imu.urdf -> /home/bbcontact/Desktop/wit_ros2_imu/install/wit_ros2_imu/share/wit_ros2_imu/urdf
[3.952s] copying meshes/IMU.stl -> /home/bbcontact/Desktop/wit_ros2_imu/install/wit_ros2_imu/share/wit_ros2_imu/meshes
[3.963s] running install_egg_info
[4.048s] removing '/home/bbcontact/Desktop/wit_ros2_imu/install/wit_ros2_imu/lib/python3.10/site-packages/wit_ros2_imu-0.0.0-py3.10.egg-info' (and everything under it)
[4.049s] Copying build/wit_ros2_imu/wit_ros2_imu.egg-info to /home/bbcontact/Desktop/wit_ros2_imu/install/wit_ros2_imu/lib/python3.10/site-packages/wit_ros2_imu-0.0.0-py3.10.egg-info
[4.051s] running install_scripts
[4.208s] Installing imu_odom script to /home/bbcontact/Desktop/wit_ros2_imu/install/wit_ros2_imu/lib/wit_ros2_imu
[4.209s] Installing wit_ros2_imu script to /home/bbcontact/Desktop/wit_ros2_imu/install/wit_ros2_imu/lib/wit_ros2_imu
[4.210s] writing list of installed files to '/home/bbcontact/Desktop/wit_ros2_imu/build/wit_ros2_imu/install.log'
[4.311s] Invoked command in '/home/bbcontact/Desktop/wit_ros2_imu' returned '0': PYTHONPATH=/home/bbcontact/Desktop/wit_ros2_imu/build/wit_ros2_imu/prefix_override:/usr/lib/python3/dist-packages/colcon_core/task/python/colcon_distutils_commands:/home/bbcontact/Desktop/wit_ros2_imu/install/wit_ros2_imu/lib/python3.10/site-packages:${PYTHONPATH} /usr/bin/python3 -W ignore:setup.py install is deprecated -W ignore:easy_install command is deprecated setup.py egg_info --egg-base build/wit_ros2_imu build --build-base /home/bbcontact/Desktop/wit_ros2_imu/build/wit_ros2_imu/build install --record /home/bbcontact/Desktop/wit_ros2_imu/build/wit_ros2_imu/install.log --single-version-externally-managed install_data
