[31.843s] Invoking command in '/home/bbcontact/Desktop/wit_ros2_imu': PYTHONPATH=/home/bbcontact/Desktop/wit_ros2_imu/build/wit_ros2_imu/prefix_override:/usr/lib/python3/dist-packages/colcon_core/task/python/colcon_distutils_commands:/home/bbcontact/Desktop/wit_ros2_imu/install/wit_ros2_imu/lib/python3.10/site-packages:${PYTHONPATH} /usr/bin/python3 -W ignore:setup.py install is deprecated -W ignore:easy_install command is deprecated setup.py egg_info --egg-base build/wit_ros2_imu build --build-base /home/bbcontact/Desktop/wit_ros2_imu/build/wit_ros2_imu/build install --record /home/bbcontact/Desktop/wit_ros2_imu/build/wit_ros2_imu/install.log --single-version-externally-managed install_data
[32.474s] running egg_info
[32.890s] writing build/wit_ros2_imu/wit_ros2_imu.egg-info/PKG-INFO
[32.891s] writing dependency_links to build/wit_ros2_imu/wit_ros2_imu.egg-info/dependency_links.txt
[32.891s] writing entry points to build/wit_ros2_imu/wit_ros2_imu.egg-info/entry_points.txt
[32.892s] writing requirements to build/wit_ros2_imu/wit_ros2_imu.egg-info/requires.txt
[32.892s] writing top-level names to build/wit_ros2_imu/wit_ros2_imu.egg-info/top_level.txt
[33.000s] reading manifest file 'build/wit_ros2_imu/wit_ros2_imu.egg-info/SOURCES.txt'
[33.003s] writing manifest file 'build/wit_ros2_imu/wit_ros2_imu.egg-info/SOURCES.txt'
[33.003s] running build
[33.003s] running build_py
[33.004s] copying wit_ros2_imu/wit_ros2_imu.py -> /home/bbcontact/Desktop/wit_ros2_imu/build/wit_ros2_imu/build/lib/wit_ros2_imu
[33.004s] copying wit_ros2_imu/imu_odom.py -> /home/bbcontact/Desktop/wit_ros2_imu/build/wit_ros2_imu/build/lib/wit_ros2_imu
[33.004s] copying wit_ros2_imu/cad_model_rotation.py -> /home/bbcontact/Desktop/wit_ros2_imu/build/wit_ros2_imu/build/lib/wit_ros2_imu
[33.005s] running install
[33.014s] running install_lib
[33.065s] running install_data
[33.065s] copying package.xml -> /home/bbcontact/Desktop/wit_ros2_imu/install/wit_ros2_imu/share/wit_ros2_imu
[33.066s] copying launch/rviz_and_imu.launch.py -> /home/bbcontact/Desktop/wit_ros2_imu/install/wit_ros2_imu/share/wit_ros2_imu/launch
[33.066s] copying config/imu.rviz -> /home/bbcontact/Desktop/wit_ros2_imu/install/wit_ros2_imu/share/wit_ros2_imu/config
[33.067s] copying urdf/imu.urdf -> /home/bbcontact/Desktop/wit_ros2_imu/install/wit_ros2_imu/share/wit_ros2_imu/urdf
[33.067s] copying meshes/IMU.stl -> /home/bbcontact/Desktop/wit_ros2_imu/install/wit_ros2_imu/share/wit_ros2_imu/meshes
[33.074s] running install_egg_info
[33.121s] removing '/home/bbcontact/Desktop/wit_ros2_imu/install/wit_ros2_imu/lib/python3.10/site-packages/wit_ros2_imu-0.0.0-py3.10.egg-info' (and everything under it)
[33.121s] Copying build/wit_ros2_imu/wit_ros2_imu.egg-info to /home/bbcontact/Desktop/wit_ros2_imu/install/wit_ros2_imu/lib/python3.10/site-packages/wit_ros2_imu-0.0.0-py3.10.egg-info
[33.123s] running install_scripts
[33.220s] Installing cad_model_rotation script to /home/bbcontact/Desktop/wit_ros2_imu/install/wit_ros2_imu/lib/wit_ros2_imu
[33.220s] Installing imu_odom script to /home/bbcontact/Desktop/wit_ros2_imu/install/wit_ros2_imu/lib/wit_ros2_imu
[33.221s] Installing wit_ros2_imu script to /home/bbcontact/Desktop/wit_ros2_imu/install/wit_ros2_imu/lib/wit_ros2_imu
[33.221s] writing list of installed files to '/home/bbcontact/Desktop/wit_ros2_imu/build/wit_ros2_imu/install.log'
[33.277s] Invoked command in '/home/bbcontact/Desktop/wit_ros2_imu' returned '0': PYTHONPATH=/home/bbcontact/Desktop/wit_ros2_imu/build/wit_ros2_imu/prefix_override:/usr/lib/python3/dist-packages/colcon_core/task/python/colcon_distutils_commands:/home/bbcontact/Desktop/wit_ros2_imu/install/wit_ros2_imu/lib/python3.10/site-packages:${PYTHONPATH} /usr/bin/python3 -W ignore:setup.py install is deprecated -W ignore:easy_install command is deprecated setup.py egg_info --egg-base build/wit_ros2_imu build --build-base /home/bbcontact/Desktop/wit_ros2_imu/build/wit_ros2_imu/build install --record /home/bbcontact/Desktop/wit_ros2_imu/build/wit_ros2_imu/install.log --single-version-externally-managed install_data
