[31.466s] Invoking command in '/home/bbcontact/Downloads/IMU Inertial Navigation Module-20260619T102908Z-3-001/IMU Inertial Navigation Module/1. Tutorials/2. IMU Application Routines/Program Files /6.ROS2 Application Program/ros2_imu/wit_ros2_imu': PYTHONPATH=/home/bbcontact/Downloads/IMU Inertial Navigation Module-20260619T102908Z-3-001/IMU Inertial Navigation Module/1. Tutorials/2. IMU Application Routines/Program Files /6.ROS2 Application Program/ros2_imu/wit_ros2_imu/build/wit_ros2_imu/prefix_override:/usr/lib/python3/dist-packages/colcon_core/task/python/colcon_distutils_commands:/home/bbcontact/Downloads/IMU Inertial Navigation Module-20260619T102908Z-3-001/IMU Inertial Navigation Module/1. Tutorials/2. IMU Application Routines/Program Files /6.ROS2 Application Program/ros2_imu/wit_ros2_imu/install/wit_ros2_imu/lib/python3.10/site-packages:${PYTHONPATH} /usr/bin/python3 -W ignore:setup.py install is deprecated -W ignore:easy_install command is deprecated setup.py egg_info --egg-base build/wit_ros2_imu build --build-base /home/bbcontact/Downloads/IMU Inertial Navigation Module-20260619T102908Z-3-001/IMU Inertial Navigation Module/1. Tutorials/2. IMU Application Routines/Program Files /6.ROS2 Application Program/ros2_imu/wit_ros2_imu/build/wit_ros2_imu/build install --record /home/bbcontact/Downloads/IMU Inertial Navigation Module-20260619T102908Z-3-001/IMU Inertial Navigation Module/1. Tutorials/2. IMU Application Routines/Program Files /6.ROS2 Application Program/ros2_imu/wit_ros2_imu/build/wit_ros2_imu/install.log --single-version-externally-managed install_data
[32.246s] running egg_info
[32.669s] writing build/wit_ros2_imu/wit_ros2_imu.egg-info/PKG-INFO
[32.670s] writing dependency_links to build/wit_ros2_imu/wit_ros2_imu.egg-info/dependency_links.txt
[32.670s] writing entry points to build/wit_ros2_imu/wit_ros2_imu.egg-info/entry_points.txt
[32.670s] writing requirements to build/wit_ros2_imu/wit_ros2_imu.egg-info/requires.txt
[32.671s] writing top-level names to build/wit_ros2_imu/wit_ros2_imu.egg-info/top_level.txt
[32.807s] reading manifest file 'build/wit_ros2_imu/wit_ros2_imu.egg-info/SOURCES.txt'
[32.812s] writing manifest file 'build/wit_ros2_imu/wit_ros2_imu.egg-info/SOURCES.txt'
[32.812s] running build
[32.812s] running build_py
[32.813s] copying wit_ros2_imu/wit_ros2_imu.py -> /home/bbcontact/Downloads/IMU Inertial Navigation Module-20260619T102908Z-3-001/IMU Inertial Navigation Module/1. Tutorials/2. IMU Application Routines/Program Files /6.ROS2 Application Program/ros2_imu/wit_ros2_imu/build/wit_ros2_imu/build/lib/wit_ros2_imu
[32.814s] copying wit_ros2_imu/imu_odom.py -> /home/bbcontact/Downloads/IMU Inertial Navigation Module-20260619T102908Z-3-001/IMU Inertial Navigation Module/1. Tutorials/2. IMU Application Routines/Program Files /6.ROS2 Application Program/ros2_imu/wit_ros2_imu/build/wit_ros2_imu/build/lib/wit_ros2_imu
[32.815s] running install
[32.827s] running install_lib
[32.879s] copying /home/bbcontact/Downloads/IMU Inertial Navigation Module-20260619T102908Z-3-001/IMU Inertial Navigation Module/1. Tutorials/2. IMU Application Routines/Program Files /6.ROS2 Application Program/ros2_imu/wit_ros2_imu/build/wit_ros2_imu/build/lib/wit_ros2_imu/imu_odom.py -> /home/bbcontact/Downloads/IMU Inertial Navigation Module-20260619T102908Z-3-001/IMU Inertial Navigation Module/1. Tutorials/2. IMU Application Routines/Program Files /6.ROS2 Application Program/ros2_imu/wit_ros2_imu/install/wit_ros2_imu/lib/python3.10/site-packages/wit_ros2_imu
[32.880s] byte-compiling /home/bbcontact/Downloads/IMU Inertial Navigation Module-20260619T102908Z-3-001/IMU Inertial Navigation Module/1. Tutorials/2. IMU Application Routines/Program Files /6.ROS2 Application Program/ros2_imu/wit_ros2_imu/install/wit_ros2_imu/lib/python3.10/site-packages/wit_ros2_imu/imu_odom.py to imu_odom.cpython-310.pyc
[32.883s] running install_data
[32.883s] copying package.xml -> /home/bbcontact/Downloads/IMU Inertial Navigation Module-20260619T102908Z-3-001/IMU Inertial Navigation Module/1. Tutorials/2. IMU Application Routines/Program Files /6.ROS2 Application Program/ros2_imu/wit_ros2_imu/install/wit_ros2_imu/share/wit_ros2_imu
[32.884s] copying launch/rviz_and_imu.launch.py -> /home/bbcontact/Downloads/IMU Inertial Navigation Module-20260619T102908Z-3-001/IMU Inertial Navigation Module/1. Tutorials/2. IMU Application Routines/Program Files /6.ROS2 Application Program/ros2_imu/wit_ros2_imu/install/wit_ros2_imu/share/wit_ros2_imu/launch
[32.884s] copying config/imu.rviz -> /home/bbcontact/Downloads/IMU Inertial Navigation Module-20260619T102908Z-3-001/IMU Inertial Navigation Module/1. Tutorials/2. IMU Application Routines/Program Files /6.ROS2 Application Program/ros2_imu/wit_ros2_imu/install/wit_ros2_imu/share/wit_ros2_imu/config
[32.885s] running install_egg_info
[32.938s] removing '/home/bbcontact/Downloads/IMU Inertial Navigation Module-20260619T102908Z-3-001/IMU Inertial Navigation Module/1. Tutorials/2. IMU Application Routines/Program Files /6.ROS2 Application Program/ros2_imu/wit_ros2_imu/install/wit_ros2_imu/lib/python3.10/site-packages/wit_ros2_imu-0.0.0-py3.10.egg-info' (and everything under it)
[32.939s] Copying build/wit_ros2_imu/wit_ros2_imu.egg-info to /home/bbcontact/Downloads/IMU Inertial Navigation Module-20260619T102908Z-3-001/IMU Inertial Navigation Module/1. Tutorials/2. IMU Application Routines/Program Files /6.ROS2 Application Program/ros2_imu/wit_ros2_imu/install/wit_ros2_imu/lib/python3.10/site-packages/wit_ros2_imu-0.0.0-py3.10.egg-info
[32.941s] running install_scripts
[33.035s] Installing imu_odom script to /home/bbcontact/Downloads/IMU Inertial Navigation Module-20260619T102908Z-3-001/IMU Inertial Navigation Module/1. Tutorials/2. IMU Application Routines/Program Files /6.ROS2 Application Program/ros2_imu/wit_ros2_imu/install/wit_ros2_imu/lib/wit_ros2_imu
[33.036s] Installing wit_ros2_imu script to /home/bbcontact/Downloads/IMU Inertial Navigation Module-20260619T102908Z-3-001/IMU Inertial Navigation Module/1. Tutorials/2. IMU Application Routines/Program Files /6.ROS2 Application Program/ros2_imu/wit_ros2_imu/install/wit_ros2_imu/lib/wit_ros2_imu
[33.036s] writing list of installed files to '/home/bbcontact/Downloads/IMU Inertial Navigation Module-20260619T102908Z-3-001/IMU Inertial Navigation Module/1. Tutorials/2. IMU Application Routines/Program Files /6.ROS2 Application Program/ros2_imu/wit_ros2_imu/build/wit_ros2_imu/install.log'
[33.094s] Invoked command in '/home/bbcontact/Downloads/IMU Inertial Navigation Module-20260619T102908Z-3-001/IMU Inertial Navigation Module/1. Tutorials/2. IMU Application Routines/Program Files /6.ROS2 Application Program/ros2_imu/wit_ros2_imu' returned '0': PYTHONPATH=/home/bbcontact/Downloads/IMU Inertial Navigation Module-20260619T102908Z-3-001/IMU Inertial Navigation Module/1. Tutorials/2. IMU Application Routines/Program Files /6.ROS2 Application Program/ros2_imu/wit_ros2_imu/build/wit_ros2_imu/prefix_override:/usr/lib/python3/dist-packages/colcon_core/task/python/colcon_distutils_commands:/home/bbcontact/Downloads/IMU Inertial Navigation Module-20260619T102908Z-3-001/IMU Inertial Navigation Module/1. Tutorials/2. IMU Application Routines/Program Files /6.ROS2 Application Program/ros2_imu/wit_ros2_imu/install/wit_ros2_imu/lib/python3.10/site-packages:${PYTHONPATH} /usr/bin/python3 -W ignore:setup.py install is deprecated -W ignore:easy_install command is deprecated setup.py egg_info --egg-base build/wit_ros2_imu build --build-base /home/bbcontact/Downloads/IMU Inertial Navigation Module-20260619T102908Z-3-001/IMU Inertial Navigation Module/1. Tutorials/2. IMU Application Routines/Program Files /6.ROS2 Application Program/ros2_imu/wit_ros2_imu/build/wit_ros2_imu/build install --record /home/bbcontact/Downloads/IMU Inertial Navigation Module-20260619T102908Z-3-001/IMU Inertial Navigation Module/1. Tutorials/2. IMU Application Routines/Program Files /6.ROS2 Application Program/ros2_imu/wit_ros2_imu/build/wit_ros2_imu/install.log --single-version-externally-managed install_data
