[31.566s] Invoking command in '/home/bbcontact/Desktop/wit_ros2_imu': PYTHONPATH=/home/bbcontact/Desktop/wit_ros2_imu/build/wit_ros2_imu/prefix_override:/usr/lib/python3/dist-packages/colcon_core/task/python/colcon_distutils_commands:/home/bbcontact/Desktop/wit_ros2_imu/install/wit_ros2_imu/lib/python3.10/site-packages:${PYTHONPATH} /usr/bin/python3 -W ignore:setup.py install is deprecated -W ignore:easy_install command is deprecated setup.py egg_info --egg-base build/wit_ros2_imu build --build-base /home/bbcontact/Desktop/wit_ros2_imu/build/wit_ros2_imu/build install --record /home/bbcontact/Desktop/wit_ros2_imu/build/wit_ros2_imu/install.log --single-version-externally-managed install_data
[32.280s] running egg_info
[32.732s] writing build/wit_ros2_imu/wit_ros2_imu.egg-info/PKG-INFO
[32.733s] writing dependency_links to build/wit_ros2_imu/wit_ros2_imu.egg-info/dependency_links.txt
[32.733s] writing entry points to build/wit_ros2_imu/wit_ros2_imu.egg-info/entry_points.txt
[32.734s] writing requirements to build/wit_ros2_imu/wit_ros2_imu.egg-info/requires.txt
[32.734s] writing top-level names to build/wit_ros2_imu/wit_ros2_imu.egg-info/top_level.txt
[32.846s] reading manifest file 'build/wit_ros2_imu/wit_ros2_imu.egg-info/SOURCES.txt'
[32.849s] writing manifest file 'build/wit_ros2_imu/wit_ros2_imu.egg-info/SOURCES.txt'
[32.849s] running build
[32.850s] running build_py
[32.850s] copying wit_ros2_imu/wit_ros2_imu.py -> /home/bbcontact/Desktop/wit_ros2_imu/build/wit_ros2_imu/build/lib/wit_ros2_imu
[32.851s] copying wit_ros2_imu/imu_odom.py -> /home/bbcontact/Desktop/wit_ros2_imu/build/wit_ros2_imu/build/lib/wit_ros2_imu
[32.851s] running install
[32.860s] running install_lib
[32.913s] copying /home/bbcontact/Desktop/wit_ros2_imu/build/wit_ros2_imu/build/lib/wit_ros2_imu/imu_odom.py -> /home/bbcontact/Desktop/wit_ros2_imu/install/wit_ros2_imu/lib/python3.10/site-packages/wit_ros2_imu
[32.915s] byte-compiling /home/bbcontact/Desktop/wit_ros2_imu/install/wit_ros2_imu/lib/python3.10/site-packages/wit_ros2_imu/imu_odom.py to imu_odom.cpython-310.pyc
[32.918s] running install_data
[32.919s] copying package.xml -> /home/bbcontact/Desktop/wit_ros2_imu/install/wit_ros2_imu/share/wit_ros2_imu
[32.919s] copying launch/rviz_and_imu.launch.py -> /home/bbcontact/Desktop/wit_ros2_imu/install/wit_ros2_imu/share/wit_ros2_imu/launch
[32.920s] copying config/imu.rviz -> /home/bbcontact/Desktop/wit_ros2_imu/install/wit_ros2_imu/share/wit_ros2_imu/config
[32.921s] copying urdf/imu.urdf -> /home/bbcontact/Desktop/wit_ros2_imu/install/wit_ros2_imu/share/wit_ros2_imu/urdf
[32.921s] copying meshes/IMU.stl -> /home/bbcontact/Desktop/wit_ros2_imu/install/wit_ros2_imu/share/wit_ros2_imu/meshes
[32.929s] running install_egg_info
[32.988s] removing '/home/bbcontact/Desktop/wit_ros2_imu/install/wit_ros2_imu/lib/python3.10/site-packages/wit_ros2_imu-0.0.0-py3.10.egg-info' (and everything under it)
[32.988s] Copying build/wit_ros2_imu/wit_ros2_imu.egg-info to /home/bbcontact/Desktop/wit_ros2_imu/install/wit_ros2_imu/lib/python3.10/site-packages/wit_ros2_imu-0.0.0-py3.10.egg-info
[32.989s] running install_scripts
[33.088s] Installing imu_odom script to /home/bbcontact/Desktop/wit_ros2_imu/install/wit_ros2_imu/lib/wit_ros2_imu
[33.088s] Installing wit_ros2_imu script to /home/bbcontact/Desktop/wit_ros2_imu/install/wit_ros2_imu/lib/wit_ros2_imu
[33.089s] writing list of installed files to '/home/bbcontact/Desktop/wit_ros2_imu/build/wit_ros2_imu/install.log'
[33.146s] Invoked command in '/home/bbcontact/Desktop/wit_ros2_imu' returned '0': PYTHONPATH=/home/bbcontact/Desktop/wit_ros2_imu/build/wit_ros2_imu/prefix_override:/usr/lib/python3/dist-packages/colcon_core/task/python/colcon_distutils_commands:/home/bbcontact/Desktop/wit_ros2_imu/install/wit_ros2_imu/lib/python3.10/site-packages:${PYTHONPATH} /usr/bin/python3 -W ignore:setup.py install is deprecated -W ignore:easy_install command is deprecated setup.py egg_info --egg-base build/wit_ros2_imu build --build-base /home/bbcontact/Desktop/wit_ros2_imu/build/wit_ros2_imu/build install --record /home/bbcontact/Desktop/wit_ros2_imu/build/wit_ros2_imu/install.log --single-version-externally-managed install_data
