[0.494s] DEBUG:colcon:Command line arguments: ['/usr/bin/colcon', 'build', '--packages-select', 'wit_ros2_imu']
[0.494s] DEBUG:colcon:Parsed command line arguments: Namespace(log_base=None, log_level=None, verb_name='build', build_base='build', install_base='install', merge_install=False, symlink_install=False, test_result_base=None, continue_on_error=False, executor='parallel', parallel_workers=8, event_handlers=None, ignore_user_meta=False, metas=['./colcon.meta'], base_paths=['.'], packages_ignore=None, packages_ignore_regex=None, paths=None, packages_up_to=None, packages_up_to_regex=None, packages_above=None, packages_above_and_dependencies=None, packages_above_depth=None, packages_select_by_dep=None, packages_skip_by_dep=None, packages_skip_up_to=None, packages_select_build_failed=False, packages_skip_build_finished=False, packages_select_test_failures=False, packages_skip_test_passed=False, packages_select=['wit_ros2_imu'], packages_skip=None, packages_select_regex=None, packages_skip_regex=None, packages_start=None, packages_end=None, allow_overriding=[], cmake_args=None, cmake_target=None, cmake_target_skip_unavailable=False, cmake_clean_cache=False, cmake_clean_first=False, cmake_force_configure=False, ament_cmake_args=None, catkin_cmake_args=None, catkin_skip_building_tests=False, mixin_files=None, mixin=None, verb_parser=<colcon_mixin.mixin.mixin_argument.MixinArgumentDecorator object at 0x7301785c6380>, verb_extension=<colcon_core.verb.build.BuildVerb object at 0x7301786b7f10>, main=<bound method BuildVerb.main of <colcon_core.verb.build.BuildVerb object at 0x7301786b7f10>>, mixin_verb=('build',))
[0.632s] Level 1:colcon.colcon_core.package_discovery:discover_packages(colcon_meta) check parameters
[0.632s] Level 1:colcon.colcon_core.package_discovery:discover_packages(recursive) check parameters
[0.632s] Level 1:colcon.colcon_core.package_discovery:discover_packages(ignore) check parameters
[0.632s] Level 1:colcon.colcon_core.package_discovery:discover_packages(path) check parameters
[0.632s] Level 1:colcon.colcon_core.package_discovery:discover_packages(colcon_meta) discover
[0.632s] Level 1:colcon.colcon_core.package_discovery:discover_packages(recursive) discover
[0.632s] INFO:colcon.colcon_core.package_discovery:Crawling recursively for packages in '/home/bbcontact/Downloads/IMU Inertial Navigation Module-20260619T102908Z-3-001/IMU Inertial Navigation Module/1. Tutorials/2. IMU Application Routines/Program Files /6.ROS2 Application Program/ros2_imu/wit_ros2_imu'
[0.633s] Level 1:colcon.colcon_core.package_identification:_identify(.) by extensions ['ignore', 'ignore_ament_install']
[0.633s] Level 1:colcon.colcon_core.package_identification:_identify(.) by extension 'ignore'
[0.633s] Level 1:colcon.colcon_core.package_identification:_identify(.) by extension 'ignore_ament_install'
[0.633s] Level 1:colcon.colcon_core.package_identification:_identify(.) by extensions ['colcon_pkg']
[0.634s] Level 1:colcon.colcon_core.package_identification:_identify(.) by extension 'colcon_pkg'
[0.634s] Level 1:colcon.colcon_core.package_identification:_identify(.) by extensions ['colcon_meta']
[0.634s] Level 1:colcon.colcon_core.package_identification:_identify(.) by extension 'colcon_meta'
[0.634s] Level 1:colcon.colcon_core.package_identification:_identify(.) by extensions ['ros']
[0.634s] Level 1:colcon.colcon_core.package_identification:_identify(.) by extension 'ros'
[0.688s] DEBUG:colcon.colcon_core.package_identification:Package '.' with type 'ros.ament_python' and name 'wit_ros2_imu'
[0.688s] Level 1:colcon.colcon_core.package_discovery:discover_packages(recursive) using defaults
[0.688s] Level 1:colcon.colcon_core.package_discovery:discover_packages(ignore) discover
[0.688s] Level 1:colcon.colcon_core.package_discovery:discover_packages(ignore) using defaults
[0.688s] Level 1:colcon.colcon_core.package_discovery:discover_packages(path) discover
[0.688s] Level 1:colcon.colcon_core.package_discovery:discover_packages(path) using defaults
[0.752s] Level 1:colcon.colcon_core.package_discovery:discover_packages(prefix_path) check parameters
[0.753s] Level 1:colcon.colcon_core.package_discovery:discover_packages(prefix_path) discover
[0.758s] DEBUG:colcon.colcon_installed_package_information.package_discovery:Found 1 installed packages in /home/bbcontact/Downloads/IMU Inertial Navigation Module-20260619T102908Z-3-001/IMU Inertial Navigation Module/1. Tutorials/2. IMU Application Routines/Program Files /6.ROS2 Application Program/ros2_imu/wit_ros2_imu/install
[0.760s] DEBUG:colcon.colcon_installed_package_information.package_discovery:Found 3 installed packages in /home/bbcontact/microros_ws/install
[0.764s] DEBUG:colcon.colcon_installed_package_information.package_discovery:Found 407 installed packages in /opt/ros/humble
[0.769s] Level 1:colcon.colcon_core.package_discovery:discover_packages(prefix_path) using defaults
[0.901s] Level 5:colcon.colcon_core.verb:set package 'wit_ros2_imu' build argument 'cmake_args' from command line to 'None'
[0.901s] Level 5:colcon.colcon_core.verb:set package 'wit_ros2_imu' build argument 'cmake_target' from command line to 'None'
[0.901s] Level 5:colcon.colcon_core.verb:set package 'wit_ros2_imu' build argument 'cmake_target_skip_unavailable' from command line to 'False'
[0.901s] Level 5:colcon.colcon_core.verb:set package 'wit_ros2_imu' build argument 'cmake_clean_cache' from command line to 'False'
[0.901s] Level 5:colcon.colcon_core.verb:set package 'wit_ros2_imu' build argument 'cmake_clean_first' from command line to 'False'
[0.901s] Level 5:colcon.colcon_core.verb:set package 'wit_ros2_imu' build argument 'cmake_force_configure' from command line to 'False'
[0.901s] Level 5:colcon.colcon_core.verb:set package 'wit_ros2_imu' build argument 'ament_cmake_args' from command line to 'None'
[0.901s] Level 5:colcon.colcon_core.verb:set package 'wit_ros2_imu' build argument 'catkin_cmake_args' from command line to 'None'
[0.901s] Level 5:colcon.colcon_core.verb:set package 'wit_ros2_imu' build argument 'catkin_skip_building_tests' from command line to 'False'
[0.901s] DEBUG:colcon.colcon_core.verb:Building package 'wit_ros2_imu' with the following arguments: {'ament_cmake_args': None, 'build_base': '/home/bbcontact/Downloads/IMU Inertial Navigation Module-20260619T102908Z-3-001/IMU Inertial Navigation Module/1. Tutorials/2. IMU Application Routines/Program Files /6.ROS2 Application Program/ros2_imu/wit_ros2_imu/build/wit_ros2_imu', 'catkin_cmake_args': None, 'catkin_skip_building_tests': False, 'cmake_args': None, 'cmake_clean_cache': False, 'cmake_clean_first': False, 'cmake_force_configure': False, 'cmake_target': None, 'cmake_target_skip_unavailable': False, 'install_base': '/home/bbcontact/Downloads/IMU Inertial Navigation Module-20260619T102908Z-3-001/IMU Inertial Navigation Module/1. Tutorials/2. IMU Application Routines/Program Files /6.ROS2 Application Program/ros2_imu/wit_ros2_imu/install/wit_ros2_imu', 'merge_install': False, 'path': '/home/bbcontact/Downloads/IMU Inertial Navigation Module-20260619T102908Z-3-001/IMU Inertial Navigation Module/1. Tutorials/2. IMU Application Routines/Program Files /6.ROS2 Application Program/ros2_imu/wit_ros2_imu', 'symlink_install': False, 'test_result_base': None}
[0.902s] INFO:colcon.colcon_core.executor:Executing jobs using 'parallel' executor
[0.904s] DEBUG:colcon.colcon_parallel_executor.executor.parallel:run_until_complete
[0.904s] INFO:colcon.colcon_ros.task.ament_python.build:Building ROS package in '/home/bbcontact/Downloads/IMU Inertial Navigation Module-20260619T102908Z-3-001/IMU Inertial Navigation Module/1. Tutorials/2. IMU Application Routines/Program Files /6.ROS2 Application Program/ros2_imu/wit_ros2_imu' with build type 'ament_python'
[0.905s] Level 1:colcon.colcon_core.shell:create_environment_hook('wit_ros2_imu', 'ament_prefix_path')
[0.910s] INFO:colcon.colcon_core.plugin_system:Skipping extension 'colcon_core.shell.bat': Not used on non-Windows systems
[0.910s] INFO:colcon.colcon_core.shell:Creating environment hook '/home/bbcontact/Downloads/IMU Inertial Navigation Module-20260619T102908Z-3-001/IMU Inertial Navigation Module/1. Tutorials/2. IMU Application Routines/Program Files /6.ROS2 Application Program/ros2_imu/wit_ros2_imu/install/wit_ros2_imu/share/wit_ros2_imu/hook/ament_prefix_path.ps1'
[0.912s] INFO:colcon.colcon_core.shell:Creating environment descriptor '/home/bbcontact/Downloads/IMU Inertial Navigation Module-20260619T102908Z-3-001/IMU Inertial Navigation Module/1. Tutorials/2. IMU Application Routines/Program Files /6.ROS2 Application Program/ros2_imu/wit_ros2_imu/install/wit_ros2_imu/share/wit_ros2_imu/hook/ament_prefix_path.dsv'
[0.913s] INFO:colcon.colcon_core.shell:Creating environment hook '/home/bbcontact/Downloads/IMU Inertial Navigation Module-20260619T102908Z-3-001/IMU Inertial Navigation Module/1. Tutorials/2. IMU Application Routines/Program Files /6.ROS2 Application Program/ros2_imu/wit_ros2_imu/install/wit_ros2_imu/share/wit_ros2_imu/hook/ament_prefix_path.sh'
[0.916s] INFO:colcon.colcon_core.shell:Skip shell extension 'powershell' for command environment: Not usable outside of PowerShell
[0.916s] DEBUG:colcon.colcon_core.shell:Skip shell extension 'dsv' for command environment
[1.481s] INFO:colcon.colcon_core.task.python.build:Building Python package in '/home/bbcontact/Downloads/IMU Inertial Navigation Module-20260619T102908Z-3-001/IMU Inertial Navigation Module/1. Tutorials/2. IMU Application Routines/Program Files /6.ROS2 Application Program/ros2_imu/wit_ros2_imu'
[1.481s] INFO:colcon.colcon_core.shell:Skip shell extension 'powershell' for command environment: Not usable outside of PowerShell
[1.481s] DEBUG:colcon.colcon_core.shell:Skip shell extension 'dsv' for command environment
[32.431s] DEBUG:colcon.colcon_core.event_handler.log_command:Invoking command in '/home/bbcontact/Downloads/IMU Inertial Navigation Module-20260619T102908Z-3-001/IMU Inertial Navigation Module/1. Tutorials/2. IMU Application Routines/Program Files /6.ROS2 Application Program/ros2_imu/wit_ros2_imu': PYTHONPATH=/home/bbcontact/Downloads/IMU Inertial Navigation Module-20260619T102908Z-3-001/IMU Inertial Navigation Module/1. Tutorials/2. IMU Application Routines/Program Files /6.ROS2 Application Program/ros2_imu/wit_ros2_imu/build/wit_ros2_imu/prefix_override:/usr/lib/python3/dist-packages/colcon_core/task/python/colcon_distutils_commands:/home/bbcontact/Downloads/IMU Inertial Navigation Module-20260619T102908Z-3-001/IMU Inertial Navigation Module/1. Tutorials/2. IMU Application Routines/Program Files /6.ROS2 Application Program/ros2_imu/wit_ros2_imu/install/wit_ros2_imu/lib/python3.10/site-packages:${PYTHONPATH} /usr/bin/python3 -W ignore:setup.py install is deprecated -W ignore:easy_install command is deprecated setup.py egg_info --egg-base build/wit_ros2_imu build --build-base /home/bbcontact/Downloads/IMU Inertial Navigation Module-20260619T102908Z-3-001/IMU Inertial Navigation Module/1. Tutorials/2. IMU Application Routines/Program Files /6.ROS2 Application Program/ros2_imu/wit_ros2_imu/build/wit_ros2_imu/build install --record /home/bbcontact/Downloads/IMU Inertial Navigation Module-20260619T102908Z-3-001/IMU Inertial Navigation Module/1. Tutorials/2. IMU Application Routines/Program Files /6.ROS2 Application Program/ros2_imu/wit_ros2_imu/build/wit_ros2_imu/install.log --single-version-externally-managed install_data
[33.995s] DEBUG:colcon.colcon_core.event_handler.log_command:Invoked command in '/home/bbcontact/Downloads/IMU Inertial Navigation Module-20260619T102908Z-3-001/IMU Inertial Navigation Module/1. Tutorials/2. IMU Application Routines/Program Files /6.ROS2 Application Program/ros2_imu/wit_ros2_imu' returned '0': PYTHONPATH=/home/bbcontact/Downloads/IMU Inertial Navigation Module-20260619T102908Z-3-001/IMU Inertial Navigation Module/1. Tutorials/2. IMU Application Routines/Program Files /6.ROS2 Application Program/ros2_imu/wit_ros2_imu/build/wit_ros2_imu/prefix_override:/usr/lib/python3/dist-packages/colcon_core/task/python/colcon_distutils_commands:/home/bbcontact/Downloads/IMU Inertial Navigation Module-20260619T102908Z-3-001/IMU Inertial Navigation Module/1. Tutorials/2. IMU Application Routines/Program Files /6.ROS2 Application Program/ros2_imu/wit_ros2_imu/install/wit_ros2_imu/lib/python3.10/site-packages:${PYTHONPATH} /usr/bin/python3 -W ignore:setup.py install is deprecated -W ignore:easy_install command is deprecated setup.py egg_info --egg-base build/wit_ros2_imu build --build-base /home/bbcontact/Downloads/IMU Inertial Navigation Module-20260619T102908Z-3-001/IMU Inertial Navigation Module/1. Tutorials/2. IMU Application Routines/Program Files /6.ROS2 Application Program/ros2_imu/wit_ros2_imu/build/wit_ros2_imu/build install --record /home/bbcontact/Downloads/IMU Inertial Navigation Module-20260619T102908Z-3-001/IMU Inertial Navigation Module/1. Tutorials/2. IMU Application Routines/Program Files /6.ROS2 Application Program/ros2_imu/wit_ros2_imu/build/wit_ros2_imu/install.log --single-version-externally-managed install_data
[34.019s] Level 1:colcon.colcon_core.environment:checking '/home/bbcontact/Downloads/IMU Inertial Navigation Module-20260619T102908Z-3-001/IMU Inertial Navigation Module/1. Tutorials/2. IMU Application Routines/Program Files /6.ROS2 Application Program/ros2_imu/wit_ros2_imu/install/wit_ros2_imu' for CMake module files
[34.021s] Level 1:colcon.colcon_core.environment:checking '/home/bbcontact/Downloads/IMU Inertial Navigation Module-20260619T102908Z-3-001/IMU Inertial Navigation Module/1. Tutorials/2. IMU Application Routines/Program Files /6.ROS2 Application Program/ros2_imu/wit_ros2_imu/install/wit_ros2_imu' for CMake config files
[34.022s] Level 1:colcon.colcon_core.environment:checking '/home/bbcontact/Downloads/IMU Inertial Navigation Module-20260619T102908Z-3-001/IMU Inertial Navigation Module/1. Tutorials/2. IMU Application Routines/Program Files /6.ROS2 Application Program/ros2_imu/wit_ros2_imu/install/wit_ros2_imu/lib'
[34.023s] Level 1:colcon.colcon_core.environment:checking '/home/bbcontact/Downloads/IMU Inertial Navigation Module-20260619T102908Z-3-001/IMU Inertial Navigation Module/1. Tutorials/2. IMU Application Routines/Program Files /6.ROS2 Application Program/ros2_imu/wit_ros2_imu/install/wit_ros2_imu/bin'
[34.023s] Level 1:colcon.colcon_core.environment:checking '/home/bbcontact/Downloads/IMU Inertial Navigation Module-20260619T102908Z-3-001/IMU Inertial Navigation Module/1. Tutorials/2. IMU Application Routines/Program Files /6.ROS2 Application Program/ros2_imu/wit_ros2_imu/install/wit_ros2_imu/lib/pkgconfig/wit_ros2_imu.pc'
[34.024s] Level 1:colcon.colcon_core.environment:checking '/home/bbcontact/Downloads/IMU Inertial Navigation Module-20260619T102908Z-3-001/IMU Inertial Navigation Module/1. Tutorials/2. IMU Application Routines/Program Files /6.ROS2 Application Program/ros2_imu/wit_ros2_imu/install/wit_ros2_imu/lib/python3.10/site-packages'
[34.024s] Level 1:colcon.colcon_core.shell:create_environment_hook('wit_ros2_imu', 'pythonpath')
[34.024s] INFO:colcon.colcon_core.shell:Creating environment hook '/home/bbcontact/Downloads/IMU Inertial Navigation Module-20260619T102908Z-3-001/IMU Inertial Navigation Module/1. Tutorials/2. IMU Application Routines/Program Files /6.ROS2 Application Program/ros2_imu/wit_ros2_imu/install/wit_ros2_imu/share/wit_ros2_imu/hook/pythonpath.ps1'
[34.026s] INFO:colcon.colcon_core.shell:Creating environment descriptor '/home/bbcontact/Downloads/IMU Inertial Navigation Module-20260619T102908Z-3-001/IMU Inertial Navigation Module/1. Tutorials/2. IMU Application Routines/Program Files /6.ROS2 Application Program/ros2_imu/wit_ros2_imu/install/wit_ros2_imu/share/wit_ros2_imu/hook/pythonpath.dsv'
[34.027s] INFO:colcon.colcon_core.shell:Creating environment hook '/home/bbcontact/Downloads/IMU Inertial Navigation Module-20260619T102908Z-3-001/IMU Inertial Navigation Module/1. Tutorials/2. IMU Application Routines/Program Files /6.ROS2 Application Program/ros2_imu/wit_ros2_imu/install/wit_ros2_imu/share/wit_ros2_imu/hook/pythonpath.sh'
[34.028s] Level 1:colcon.colcon_core.environment:checking '/home/bbcontact/Downloads/IMU Inertial Navigation Module-20260619T102908Z-3-001/IMU Inertial Navigation Module/1. Tutorials/2. IMU Application Routines/Program Files /6.ROS2 Application Program/ros2_imu/wit_ros2_imu/install/wit_ros2_imu/bin'
[34.029s] Level 1:colcon.colcon_core.environment:create_environment_scripts_only(wit_ros2_imu)
[34.030s] INFO:colcon.colcon_core.shell:Creating package script '/home/bbcontact/Downloads/IMU Inertial Navigation Module-20260619T102908Z-3-001/IMU Inertial Navigation Module/1. Tutorials/2. IMU Application Routines/Program Files /6.ROS2 Application Program/ros2_imu/wit_ros2_imu/install/wit_ros2_imu/share/wit_ros2_imu/package.ps1'
[34.034s] INFO:colcon.colcon_core.shell:Creating package descriptor '/home/bbcontact/Downloads/IMU Inertial Navigation Module-20260619T102908Z-3-001/IMU Inertial Navigation Module/1. Tutorials/2. IMU Application Routines/Program Files /6.ROS2 Application Program/ros2_imu/wit_ros2_imu/install/wit_ros2_imu/share/wit_ros2_imu/package.dsv'
[34.035s] INFO:colcon.colcon_core.shell:Creating package script '/home/bbcontact/Downloads/IMU Inertial Navigation Module-20260619T102908Z-3-001/IMU Inertial Navigation Module/1. Tutorials/2. IMU Application Routines/Program Files /6.ROS2 Application Program/ros2_imu/wit_ros2_imu/install/wit_ros2_imu/share/wit_ros2_imu/package.sh'
[34.037s] INFO:colcon.colcon_core.shell:Creating package script '/home/bbcontact/Downloads/IMU Inertial Navigation Module-20260619T102908Z-3-001/IMU Inertial Navigation Module/1. Tutorials/2. IMU Application Routines/Program Files /6.ROS2 Application Program/ros2_imu/wit_ros2_imu/install/wit_ros2_imu/share/wit_ros2_imu/package.bash'
[34.039s] INFO:colcon.colcon_core.shell:Creating package script '/home/bbcontact/Downloads/IMU Inertial Navigation Module-20260619T102908Z-3-001/IMU Inertial Navigation Module/1. Tutorials/2. IMU Application Routines/Program Files /6.ROS2 Application Program/ros2_imu/wit_ros2_imu/install/wit_ros2_imu/share/wit_ros2_imu/package.zsh'
[34.041s] Level 1:colcon.colcon_core.environment:create_file_with_runtime_dependencies(/home/bbcontact/Downloads/IMU Inertial Navigation Module-20260619T102908Z-3-001/IMU Inertial Navigation Module/1. Tutorials/2. IMU Application Routines/Program Files /6.ROS2 Application Program/ros2_imu/wit_ros2_imu/install/wit_ros2_imu/share/colcon-core/packages/wit_ros2_imu)
[34.041s] DEBUG:colcon.colcon_parallel_executor.executor.parallel:closing loop
[34.042s] DEBUG:colcon.colcon_parallel_executor.executor.parallel:loop closed
[34.042s] DEBUG:colcon.colcon_parallel_executor.executor.parallel:run_until_complete finished with '0'
[34.042s] DEBUG:colcon.colcon_core.event_reactor:joining thread
[34.053s] INFO:colcon.colcon_core.plugin_system:Skipping extension 'colcon_notification.desktop_notification.terminal_notifier': Not used on non-Darwin systems
[34.054s] INFO:colcon.colcon_core.plugin_system:Skipping extension 'colcon_notification.desktop_notification.win32': Not used on non-Windows systems
[34.054s] INFO:colcon.colcon_notification.desktop_notification:Sending desktop notification using 'notify2'
[34.054s] DEBUG:colcon.colcon_notification.desktop_notification.notify2:Failed to initialize notify2: org.freedesktop.DBus.Error.AccessDenied: Failed to connect to socket /run/user/1000/bus: Operation not permitted
[34.054s] DEBUG:colcon.colcon_core.event_reactor:joined thread
[34.055s] INFO:colcon.colcon_core.shell:Creating prefix script '/home/bbcontact/Downloads/IMU Inertial Navigation Module-20260619T102908Z-3-001/IMU Inertial Navigation Module/1. Tutorials/2. IMU Application Routines/Program Files /6.ROS2 Application Program/ros2_imu/wit_ros2_imu/install/local_setup.ps1'
[34.057s] INFO:colcon.colcon_core.shell:Creating prefix util module '/home/bbcontact/Downloads/IMU Inertial Navigation Module-20260619T102908Z-3-001/IMU Inertial Navigation Module/1. Tutorials/2. IMU Application Routines/Program Files /6.ROS2 Application Program/ros2_imu/wit_ros2_imu/install/_local_setup_util_ps1.py'
[34.060s] INFO:colcon.colcon_core.shell:Creating prefix chain script '/home/bbcontact/Downloads/IMU Inertial Navigation Module-20260619T102908Z-3-001/IMU Inertial Navigation Module/1. Tutorials/2. IMU Application Routines/Program Files /6.ROS2 Application Program/ros2_imu/wit_ros2_imu/install/setup.ps1'
[34.062s] INFO:colcon.colcon_core.shell:Creating prefix script '/home/bbcontact/Downloads/IMU Inertial Navigation Module-20260619T102908Z-3-001/IMU Inertial Navigation Module/1. Tutorials/2. IMU Application Routines/Program Files /6.ROS2 Application Program/ros2_imu/wit_ros2_imu/install/local_setup.sh'
[34.063s] INFO:colcon.colcon_core.shell:Creating prefix util module '/home/bbcontact/Downloads/IMU Inertial Navigation Module-20260619T102908Z-3-001/IMU Inertial Navigation Module/1. Tutorials/2. IMU Application Routines/Program Files /6.ROS2 Application Program/ros2_imu/wit_ros2_imu/install/_local_setup_util_sh.py'
[34.064s] INFO:colcon.colcon_core.shell:Creating prefix chain script '/home/bbcontact/Downloads/IMU Inertial Navigation Module-20260619T102908Z-3-001/IMU Inertial Navigation Module/1. Tutorials/2. IMU Application Routines/Program Files /6.ROS2 Application Program/ros2_imu/wit_ros2_imu/install/setup.sh'
[34.068s] INFO:colcon.colcon_core.shell:Creating prefix script '/home/bbcontact/Downloads/IMU Inertial Navigation Module-20260619T102908Z-3-001/IMU Inertial Navigation Module/1. Tutorials/2. IMU Application Routines/Program Files /6.ROS2 Application Program/ros2_imu/wit_ros2_imu/install/local_setup.bash'
[34.070s] INFO:colcon.colcon_core.shell:Creating prefix chain script '/home/bbcontact/Downloads/IMU Inertial Navigation Module-20260619T102908Z-3-001/IMU Inertial Navigation Module/1. Tutorials/2. IMU Application Routines/Program Files /6.ROS2 Application Program/ros2_imu/wit_ros2_imu/install/setup.bash'
[34.073s] INFO:colcon.colcon_core.shell:Creating prefix script '/home/bbcontact/Downloads/IMU Inertial Navigation Module-20260619T102908Z-3-001/IMU Inertial Navigation Module/1. Tutorials/2. IMU Application Routines/Program Files /6.ROS2 Application Program/ros2_imu/wit_ros2_imu/install/local_setup.zsh'
[34.074s] INFO:colcon.colcon_core.shell:Creating prefix chain script '/home/bbcontact/Downloads/IMU Inertial Navigation Module-20260619T102908Z-3-001/IMU Inertial Navigation Module/1. Tutorials/2. IMU Application Routines/Program Files /6.ROS2 Application Program/ros2_imu/wit_ros2_imu/install/setup.zsh'
