[0.386s] DEBUG:colcon:Command line arguments: ['/usr/bin/colcon', 'build']
[0.386s] DEBUG:colcon:Parsed command line arguments: Namespace(log_base=None, log_level=None, verb_name='build', build_base='build', install_base='install', merge_install=False, symlink_install=False, test_result_base=None, continue_on_error=False, executor='parallel', parallel_workers=8, event_handlers=None, ignore_user_meta=False, metas=['./colcon.meta'], base_paths=['.'], packages_ignore=None, packages_ignore_regex=None, paths=None, packages_up_to=None, packages_up_to_regex=None, packages_above=None, packages_above_and_dependencies=None, packages_above_depth=None, packages_select_by_dep=None, packages_skip_by_dep=None, packages_skip_up_to=None, packages_select_build_failed=False, packages_skip_build_finished=False, packages_select_test_failures=False, packages_skip_test_passed=False, packages_select=None, packages_skip=None, packages_select_regex=None, packages_skip_regex=None, packages_start=None, packages_end=None, allow_overriding=[], cmake_args=None, cmake_target=None, cmake_target_skip_unavailable=False, cmake_clean_cache=False, cmake_clean_first=False, cmake_force_configure=False, ament_cmake_args=None, catkin_cmake_args=None, catkin_skip_building_tests=False, mixin_files=None, mixin=None, verb_parser=<colcon_mixin.mixin.mixin_argument.MixinArgumentDecorator object at 0x7885d23aa1d0>, verb_extension=<colcon_core.verb.build.BuildVerb object at 0x7885d249bcd0>, main=<bound method BuildVerb.main of <colcon_core.verb.build.BuildVerb object at 0x7885d249bcd0>>, mixin_verb=('build',))
[0.476s] Level 1:colcon.colcon_core.package_discovery:discover_packages(colcon_meta) check parameters
[0.476s] Level 1:colcon.colcon_core.package_discovery:discover_packages(recursive) check parameters
[0.476s] Level 1:colcon.colcon_core.package_discovery:discover_packages(ignore) check parameters
[0.476s] Level 1:colcon.colcon_core.package_discovery:discover_packages(path) check parameters
[0.476s] Level 1:colcon.colcon_core.package_discovery:discover_packages(colcon_meta) discover
[0.476s] Level 1:colcon.colcon_core.package_discovery:discover_packages(recursive) discover
[0.477s] INFO:colcon.colcon_core.package_discovery:Crawling recursively for packages in '/home/bbcontact/Downloads/IMU Inertial Navigation Module-20260619T102908Z-3-001/IMU Inertial Navigation Module/1. Tutorials/2. IMU Application Routines/Program Files /6.ROS2 Application Program/ros2_imu/wit_ros2_imu'
[0.477s] Level 1:colcon.colcon_core.package_identification:_identify(.) by extensions ['ignore', 'ignore_ament_install']
[0.477s] Level 1:colcon.colcon_core.package_identification:_identify(.) by extension 'ignore'
[0.477s] Level 1:colcon.colcon_core.package_identification:_identify(.) by extension 'ignore_ament_install'
[0.477s] Level 1:colcon.colcon_core.package_identification:_identify(.) by extensions ['colcon_pkg']
[0.477s] Level 1:colcon.colcon_core.package_identification:_identify(.) by extension 'colcon_pkg'
[0.477s] Level 1:colcon.colcon_core.package_identification:_identify(.) by extensions ['colcon_meta']
[0.477s] Level 1:colcon.colcon_core.package_identification:_identify(.) by extension 'colcon_meta'
[0.478s] Level 1:colcon.colcon_core.package_identification:_identify(.) by extensions ['ros']
[0.478s] Level 1:colcon.colcon_core.package_identification:_identify(.) by extension 'ros'
[0.514s] DEBUG:colcon.colcon_core.package_identification:Package '.' with type 'ros.ament_python' and name 'wit_ros2_imu'
[0.514s] Level 1:colcon.colcon_core.package_discovery:discover_packages(recursive) using defaults
[0.514s] Level 1:colcon.colcon_core.package_discovery:discover_packages(ignore) discover
[0.514s] Level 1:colcon.colcon_core.package_discovery:discover_packages(ignore) using defaults
[0.514s] Level 1:colcon.colcon_core.package_discovery:discover_packages(path) discover
[0.515s] Level 1:colcon.colcon_core.package_discovery:discover_packages(path) using defaults
[0.560s] Level 1:colcon.colcon_core.package_discovery:discover_packages(prefix_path) check parameters
[0.560s] Level 1:colcon.colcon_core.package_discovery:discover_packages(prefix_path) discover
[0.564s] DEBUG:colcon.colcon_installed_package_information.package_discovery:Found 3 installed packages in /home/bbcontact/microros_ws/install
[0.567s] DEBUG:colcon.colcon_installed_package_information.package_discovery:Found 407 installed packages in /opt/ros/humble
[0.572s] Level 1:colcon.colcon_core.package_discovery:discover_packages(prefix_path) using defaults
[0.677s] Level 5:colcon.colcon_core.verb:set package 'wit_ros2_imu' build argument 'cmake_args' from command line to 'None'
[0.677s] Level 5:colcon.colcon_core.verb:set package 'wit_ros2_imu' build argument 'cmake_target' from command line to 'None'
[0.677s] Level 5:colcon.colcon_core.verb:set package 'wit_ros2_imu' build argument 'cmake_target_skip_unavailable' from command line to 'False'
[0.677s] Level 5:colcon.colcon_core.verb:set package 'wit_ros2_imu' build argument 'cmake_clean_cache' from command line to 'False'
[0.677s] Level 5:colcon.colcon_core.verb:set package 'wit_ros2_imu' build argument 'cmake_clean_first' from command line to 'False'
[0.677s] Level 5:colcon.colcon_core.verb:set package 'wit_ros2_imu' build argument 'cmake_force_configure' from command line to 'False'
[0.677s] Level 5:colcon.colcon_core.verb:set package 'wit_ros2_imu' build argument 'ament_cmake_args' from command line to 'None'
[0.677s] Level 5:colcon.colcon_core.verb:set package 'wit_ros2_imu' build argument 'catkin_cmake_args' from command line to 'None'
[0.677s] Level 5:colcon.colcon_core.verb:set package 'wit_ros2_imu' build argument 'catkin_skip_building_tests' from command line to 'False'
[0.677s] DEBUG:colcon.colcon_core.verb:Building package 'wit_ros2_imu' with the following arguments: {'ament_cmake_args': None, 'build_base': '/home/bbcontact/Downloads/IMU Inertial Navigation Module-20260619T102908Z-3-001/IMU Inertial Navigation Module/1. Tutorials/2. IMU Application Routines/Program Files /6.ROS2 Application Program/ros2_imu/wit_ros2_imu/build/wit_ros2_imu', 'catkin_cmake_args': None, 'catkin_skip_building_tests': False, 'cmake_args': None, 'cmake_clean_cache': False, 'cmake_clean_first': False, 'cmake_force_configure': False, 'cmake_target': None, 'cmake_target_skip_unavailable': False, 'install_base': '/home/bbcontact/Downloads/IMU Inertial Navigation Module-20260619T102908Z-3-001/IMU Inertial Navigation Module/1. Tutorials/2. IMU Application Routines/Program Files /6.ROS2 Application Program/ros2_imu/wit_ros2_imu/install/wit_ros2_imu', 'merge_install': False, 'path': '/home/bbcontact/Downloads/IMU Inertial Navigation Module-20260619T102908Z-3-001/IMU Inertial Navigation Module/1. Tutorials/2. IMU Application Routines/Program Files /6.ROS2 Application Program/ros2_imu/wit_ros2_imu', 'symlink_install': False, 'test_result_base': None}
[0.678s] INFO:colcon.colcon_core.executor:Executing jobs using 'parallel' executor
[0.680s] DEBUG:colcon.colcon_parallel_executor.executor.parallel:run_until_complete
[0.680s] INFO:colcon.colcon_ros.task.ament_python.build:Building ROS package in '/home/bbcontact/Downloads/IMU Inertial Navigation Module-20260619T102908Z-3-001/IMU Inertial Navigation Module/1. Tutorials/2. IMU Application Routines/Program Files /6.ROS2 Application Program/ros2_imu/wit_ros2_imu' with build type 'ament_python'
[0.680s] Level 1:colcon.colcon_core.shell:create_environment_hook('wit_ros2_imu', 'ament_prefix_path')
[0.684s] INFO:colcon.colcon_core.plugin_system:Skipping extension 'colcon_core.shell.bat': Not used on non-Windows systems
[0.684s] INFO:colcon.colcon_core.shell:Creating environment hook '/home/bbcontact/Downloads/IMU Inertial Navigation Module-20260619T102908Z-3-001/IMU Inertial Navigation Module/1. Tutorials/2. IMU Application Routines/Program Files /6.ROS2 Application Program/ros2_imu/wit_ros2_imu/install/wit_ros2_imu/share/wit_ros2_imu/hook/ament_prefix_path.ps1'
[0.685s] INFO:colcon.colcon_core.shell:Creating environment descriptor '/home/bbcontact/Downloads/IMU Inertial Navigation Module-20260619T102908Z-3-001/IMU Inertial Navigation Module/1. Tutorials/2. IMU Application Routines/Program Files /6.ROS2 Application Program/ros2_imu/wit_ros2_imu/install/wit_ros2_imu/share/wit_ros2_imu/hook/ament_prefix_path.dsv'
[0.686s] INFO:colcon.colcon_core.shell:Creating environment hook '/home/bbcontact/Downloads/IMU Inertial Navigation Module-20260619T102908Z-3-001/IMU Inertial Navigation Module/1. Tutorials/2. IMU Application Routines/Program Files /6.ROS2 Application Program/ros2_imu/wit_ros2_imu/install/wit_ros2_imu/share/wit_ros2_imu/hook/ament_prefix_path.sh'
[0.688s] INFO:colcon.colcon_core.shell:Skip shell extension 'powershell' for command environment: Not usable outside of PowerShell
[0.688s] DEBUG:colcon.colcon_core.shell:Skip shell extension 'dsv' for command environment
[1.331s] INFO:colcon.colcon_core.task.python.build:Building Python package in '/home/bbcontact/Downloads/IMU Inertial Navigation Module-20260619T102908Z-3-001/IMU Inertial Navigation Module/1. Tutorials/2. IMU Application Routines/Program Files /6.ROS2 Application Program/ros2_imu/wit_ros2_imu'
[1.332s] INFO:colcon.colcon_core.shell:Skip shell extension 'powershell' for command environment: Not usable outside of PowerShell
[1.332s] DEBUG:colcon.colcon_core.shell:Skip shell extension 'dsv' for command environment
[2.471s] DEBUG:colcon.colcon_core.event_handler.log_command:Invoking command in '/home/bbcontact/Downloads/IMU Inertial Navigation Module-20260619T102908Z-3-001/IMU Inertial Navigation Module/1. Tutorials/2. IMU Application Routines/Program Files /6.ROS2 Application Program/ros2_imu/wit_ros2_imu': PYTHONPATH=/home/bbcontact/Downloads/IMU Inertial Navigation Module-20260619T102908Z-3-001/IMU Inertial Navigation Module/1. Tutorials/2. IMU Application Routines/Program Files /6.ROS2 Application Program/ros2_imu/wit_ros2_imu/build/wit_ros2_imu/prefix_override:/usr/lib/python3/dist-packages/colcon_core/task/python/colcon_distutils_commands:/home/bbcontact/Downloads/IMU Inertial Navigation Module-20260619T102908Z-3-001/IMU Inertial Navigation Module/1. Tutorials/2. IMU Application Routines/Program Files /6.ROS2 Application Program/ros2_imu/wit_ros2_imu/install/wit_ros2_imu/lib/python3.10/site-packages:${PYTHONPATH} /usr/bin/python3 -W ignore:setup.py install is deprecated -W ignore:easy_install command is deprecated setup.py egg_info --egg-base build/wit_ros2_imu build --build-base /home/bbcontact/Downloads/IMU Inertial Navigation Module-20260619T102908Z-3-001/IMU Inertial Navigation Module/1. Tutorials/2. IMU Application Routines/Program Files /6.ROS2 Application Program/ros2_imu/wit_ros2_imu/build/wit_ros2_imu/build install --record /home/bbcontact/Downloads/IMU Inertial Navigation Module-20260619T102908Z-3-001/IMU Inertial Navigation Module/1. Tutorials/2. IMU Application Routines/Program Files /6.ROS2 Application Program/ros2_imu/wit_ros2_imu/build/wit_ros2_imu/install.log --install-scripts $base/lib/wit_ros2_imu --single-version-externally-managed install_data
[4.436s] DEBUG:colcon.colcon_core.event_handler.log_command:Invoked command in '/home/bbcontact/Downloads/IMU Inertial Navigation Module-20260619T102908Z-3-001/IMU Inertial Navigation Module/1. Tutorials/2. IMU Application Routines/Program Files /6.ROS2 Application Program/ros2_imu/wit_ros2_imu' returned '0': PYTHONPATH=/home/bbcontact/Downloads/IMU Inertial Navigation Module-20260619T102908Z-3-001/IMU Inertial Navigation Module/1. Tutorials/2. IMU Application Routines/Program Files /6.ROS2 Application Program/ros2_imu/wit_ros2_imu/build/wit_ros2_imu/prefix_override:/usr/lib/python3/dist-packages/colcon_core/task/python/colcon_distutils_commands:/home/bbcontact/Downloads/IMU Inertial Navigation Module-20260619T102908Z-3-001/IMU Inertial Navigation Module/1. Tutorials/2. IMU Application Routines/Program Files /6.ROS2 Application Program/ros2_imu/wit_ros2_imu/install/wit_ros2_imu/lib/python3.10/site-packages:${PYTHONPATH} /usr/bin/python3 -W ignore:setup.py install is deprecated -W ignore:easy_install command is deprecated setup.py egg_info --egg-base build/wit_ros2_imu build --build-base /home/bbcontact/Downloads/IMU Inertial Navigation Module-20260619T102908Z-3-001/IMU Inertial Navigation Module/1. Tutorials/2. IMU Application Routines/Program Files /6.ROS2 Application Program/ros2_imu/wit_ros2_imu/build/wit_ros2_imu/build install --record /home/bbcontact/Downloads/IMU Inertial Navigation Module-20260619T102908Z-3-001/IMU Inertial Navigation Module/1. Tutorials/2. IMU Application Routines/Program Files /6.ROS2 Application Program/ros2_imu/wit_ros2_imu/build/wit_ros2_imu/install.log --install-scripts $base/lib/wit_ros2_imu --single-version-externally-managed install_data
[4.446s] Level 1:colcon.colcon_core.environment:checking '/home/bbcontact/Downloads/IMU Inertial Navigation Module-20260619T102908Z-3-001/IMU Inertial Navigation Module/1. Tutorials/2. IMU Application Routines/Program Files /6.ROS2 Application Program/ros2_imu/wit_ros2_imu/install/wit_ros2_imu' for CMake module files
[4.448s] Level 1:colcon.colcon_core.environment:checking '/home/bbcontact/Downloads/IMU Inertial Navigation Module-20260619T102908Z-3-001/IMU Inertial Navigation Module/1. Tutorials/2. IMU Application Routines/Program Files /6.ROS2 Application Program/ros2_imu/wit_ros2_imu/install/wit_ros2_imu' for CMake config files
[4.451s] Level 1:colcon.colcon_core.environment:checking '/home/bbcontact/Downloads/IMU Inertial Navigation Module-20260619T102908Z-3-001/IMU Inertial Navigation Module/1. Tutorials/2. IMU Application Routines/Program Files /6.ROS2 Application Program/ros2_imu/wit_ros2_imu/install/wit_ros2_imu/lib'
[4.452s] Level 1:colcon.colcon_core.environment:checking '/home/bbcontact/Downloads/IMU Inertial Navigation Module-20260619T102908Z-3-001/IMU Inertial Navigation Module/1. Tutorials/2. IMU Application Routines/Program Files /6.ROS2 Application Program/ros2_imu/wit_ros2_imu/install/wit_ros2_imu/bin'
[4.452s] Level 1:colcon.colcon_core.environment:checking '/home/bbcontact/Downloads/IMU Inertial Navigation Module-20260619T102908Z-3-001/IMU Inertial Navigation Module/1. Tutorials/2. IMU Application Routines/Program Files /6.ROS2 Application Program/ros2_imu/wit_ros2_imu/install/wit_ros2_imu/lib/pkgconfig/wit_ros2_imu.pc'
[4.453s] Level 1:colcon.colcon_core.environment:checking '/home/bbcontact/Downloads/IMU Inertial Navigation Module-20260619T102908Z-3-001/IMU Inertial Navigation Module/1. Tutorials/2. IMU Application Routines/Program Files /6.ROS2 Application Program/ros2_imu/wit_ros2_imu/install/wit_ros2_imu/lib/python3.10/site-packages'
[4.453s] Level 1:colcon.colcon_core.shell:create_environment_hook('wit_ros2_imu', 'pythonpath')
[4.454s] INFO:colcon.colcon_core.shell:Creating environment hook '/home/bbcontact/Downloads/IMU Inertial Navigation Module-20260619T102908Z-3-001/IMU Inertial Navigation Module/1. Tutorials/2. IMU Application Routines/Program Files /6.ROS2 Application Program/ros2_imu/wit_ros2_imu/install/wit_ros2_imu/share/wit_ros2_imu/hook/pythonpath.ps1'
[4.456s] INFO:colcon.colcon_core.shell:Creating environment descriptor '/home/bbcontact/Downloads/IMU Inertial Navigation Module-20260619T102908Z-3-001/IMU Inertial Navigation Module/1. Tutorials/2. IMU Application Routines/Program Files /6.ROS2 Application Program/ros2_imu/wit_ros2_imu/install/wit_ros2_imu/share/wit_ros2_imu/hook/pythonpath.dsv'
[4.457s] INFO:colcon.colcon_core.shell:Creating environment hook '/home/bbcontact/Downloads/IMU Inertial Navigation Module-20260619T102908Z-3-001/IMU Inertial Navigation Module/1. Tutorials/2. IMU Application Routines/Program Files /6.ROS2 Application Program/ros2_imu/wit_ros2_imu/install/wit_ros2_imu/share/wit_ros2_imu/hook/pythonpath.sh'
[4.460s] Level 1:colcon.colcon_core.environment:checking '/home/bbcontact/Downloads/IMU Inertial Navigation Module-20260619T102908Z-3-001/IMU Inertial Navigation Module/1. Tutorials/2. IMU Application Routines/Program Files /6.ROS2 Application Program/ros2_imu/wit_ros2_imu/install/wit_ros2_imu/bin'
[4.461s] Level 1:colcon.colcon_core.environment:create_environment_scripts_only(wit_ros2_imu)
[4.462s] INFO:colcon.colcon_core.shell:Creating package script '/home/bbcontact/Downloads/IMU Inertial Navigation Module-20260619T102908Z-3-001/IMU Inertial Navigation Module/1. Tutorials/2. IMU Application Routines/Program Files /6.ROS2 Application Program/ros2_imu/wit_ros2_imu/install/wit_ros2_imu/share/wit_ros2_imu/package.ps1'
[4.467s] INFO:colcon.colcon_core.shell:Creating package descriptor '/home/bbcontact/Downloads/IMU Inertial Navigation Module-20260619T102908Z-3-001/IMU Inertial Navigation Module/1. Tutorials/2. IMU Application Routines/Program Files /6.ROS2 Application Program/ros2_imu/wit_ros2_imu/install/wit_ros2_imu/share/wit_ros2_imu/package.dsv'
[4.469s] INFO:colcon.colcon_core.shell:Creating package script '/home/bbcontact/Downloads/IMU Inertial Navigation Module-20260619T102908Z-3-001/IMU Inertial Navigation Module/1. Tutorials/2. IMU Application Routines/Program Files /6.ROS2 Application Program/ros2_imu/wit_ros2_imu/install/wit_ros2_imu/share/wit_ros2_imu/package.sh'
[4.472s] INFO:colcon.colcon_core.shell:Creating package script '/home/bbcontact/Downloads/IMU Inertial Navigation Module-20260619T102908Z-3-001/IMU Inertial Navigation Module/1. Tutorials/2. IMU Application Routines/Program Files /6.ROS2 Application Program/ros2_imu/wit_ros2_imu/install/wit_ros2_imu/share/wit_ros2_imu/package.bash'
[4.475s] INFO:colcon.colcon_core.shell:Creating package script '/home/bbcontact/Downloads/IMU Inertial Navigation Module-20260619T102908Z-3-001/IMU Inertial Navigation Module/1. Tutorials/2. IMU Application Routines/Program Files /6.ROS2 Application Program/ros2_imu/wit_ros2_imu/install/wit_ros2_imu/share/wit_ros2_imu/package.zsh'
[4.477s] Level 1:colcon.colcon_core.environment:create_file_with_runtime_dependencies(/home/bbcontact/Downloads/IMU Inertial Navigation Module-20260619T102908Z-3-001/IMU Inertial Navigation Module/1. Tutorials/2. IMU Application Routines/Program Files /6.ROS2 Application Program/ros2_imu/wit_ros2_imu/install/wit_ros2_imu/share/colcon-core/packages/wit_ros2_imu)
[4.478s] DEBUG:colcon.colcon_parallel_executor.executor.parallel:closing loop
[4.479s] DEBUG:colcon.colcon_parallel_executor.executor.parallel:loop closed
[4.479s] DEBUG:colcon.colcon_parallel_executor.executor.parallel:run_until_complete finished with '0'
[4.480s] DEBUG:colcon.colcon_core.event_reactor:joining thread
[4.497s] INFO:colcon.colcon_core.plugin_system:Skipping extension 'colcon_notification.desktop_notification.terminal_notifier': Not used on non-Darwin systems
[4.498s] INFO:colcon.colcon_core.plugin_system:Skipping extension 'colcon_notification.desktop_notification.win32': Not used on non-Windows systems
[4.498s] INFO:colcon.colcon_notification.desktop_notification:Sending desktop notification using 'notify2'
[4.536s] DEBUG:colcon.colcon_core.event_reactor:joined thread
[4.538s] INFO:colcon.colcon_core.shell:Creating prefix script '/home/bbcontact/Downloads/IMU Inertial Navigation Module-20260619T102908Z-3-001/IMU Inertial Navigation Module/1. Tutorials/2. IMU Application Routines/Program Files /6.ROS2 Application Program/ros2_imu/wit_ros2_imu/install/local_setup.ps1'
[4.542s] INFO:colcon.colcon_core.shell:Creating prefix util module '/home/bbcontact/Downloads/IMU Inertial Navigation Module-20260619T102908Z-3-001/IMU Inertial Navigation Module/1. Tutorials/2. IMU Application Routines/Program Files /6.ROS2 Application Program/ros2_imu/wit_ros2_imu/install/_local_setup_util_ps1.py'
[4.549s] INFO:colcon.colcon_core.shell:Creating prefix chain script '/home/bbcontact/Downloads/IMU Inertial Navigation Module-20260619T102908Z-3-001/IMU Inertial Navigation Module/1. Tutorials/2. IMU Application Routines/Program Files /6.ROS2 Application Program/ros2_imu/wit_ros2_imu/install/setup.ps1'
[4.554s] INFO:colcon.colcon_core.shell:Creating prefix script '/home/bbcontact/Downloads/IMU Inertial Navigation Module-20260619T102908Z-3-001/IMU Inertial Navigation Module/1. Tutorials/2. IMU Application Routines/Program Files /6.ROS2 Application Program/ros2_imu/wit_ros2_imu/install/local_setup.sh'
[4.557s] INFO:colcon.colcon_core.shell:Creating prefix util module '/home/bbcontact/Downloads/IMU Inertial Navigation Module-20260619T102908Z-3-001/IMU Inertial Navigation Module/1. Tutorials/2. IMU Application Routines/Program Files /6.ROS2 Application Program/ros2_imu/wit_ros2_imu/install/_local_setup_util_sh.py'
[4.559s] INFO:colcon.colcon_core.shell:Creating prefix chain script '/home/bbcontact/Downloads/IMU Inertial Navigation Module-20260619T102908Z-3-001/IMU Inertial Navigation Module/1. Tutorials/2. IMU Application Routines/Program Files /6.ROS2 Application Program/ros2_imu/wit_ros2_imu/install/setup.sh'
[4.565s] INFO:colcon.colcon_core.shell:Creating prefix script '/home/bbcontact/Downloads/IMU Inertial Navigation Module-20260619T102908Z-3-001/IMU Inertial Navigation Module/1. Tutorials/2. IMU Application Routines/Program Files /6.ROS2 Application Program/ros2_imu/wit_ros2_imu/install/local_setup.bash'
[4.567s] INFO:colcon.colcon_core.shell:Creating prefix chain script '/home/bbcontact/Downloads/IMU Inertial Navigation Module-20260619T102908Z-3-001/IMU Inertial Navigation Module/1. Tutorials/2. IMU Application Routines/Program Files /6.ROS2 Application Program/ros2_imu/wit_ros2_imu/install/setup.bash'
[4.572s] INFO:colcon.colcon_core.shell:Creating prefix script '/home/bbcontact/Downloads/IMU Inertial Navigation Module-20260619T102908Z-3-001/IMU Inertial Navigation Module/1. Tutorials/2. IMU Application Routines/Program Files /6.ROS2 Application Program/ros2_imu/wit_ros2_imu/install/local_setup.zsh'
[4.574s] INFO:colcon.colcon_core.shell:Creating prefix chain script '/home/bbcontact/Downloads/IMU Inertial Navigation Module-20260619T102908Z-3-001/IMU Inertial Navigation Module/1. Tutorials/2. IMU Application Routines/Program Files /6.ROS2 Application Program/ros2_imu/wit_ros2_imu/install/setup.zsh'
