/home/bbcontact/.local/lib/python3.10/site-packages/setuptools/dist.py:599: SetuptoolsDeprecationWarning: Invalid dash-separated key 'script-dir' in 'develop' (setup.cfg), please use the underscore name 'script_dir' instead.
!!

        ********************************************************************************
        Usage of dash-separated 'script-dir' will not be supported in future
        versions. Please use the underscore name 'script_dir' instead.


        Available configuration options are listed in:
        https://setuptools.pypa.io/en/latest/userguide/declarative_config.html

        This deprecation is overdue, please update your project and remove deprecated
        calls to avoid build errors in the future.

        See https://github.com/pypa/setuptools/discussions/5011 for details.
        ********************************************************************************

!!
  opt = self._enforce_underscore(opt, section)
/home/bbcontact/.local/lib/python3.10/site-packages/setuptools/_distutils/dist.py:287: UserWarning: Unknown distribution option: 'tests_require'
  warnings.warn(msg)
/home/bbcontact/.local/lib/python3.10/site-packages/setuptools/dist.py:599: SetuptoolsDeprecationWarning: Invalid dash-separated key 'script-dir' in 'develop' (setup.cfg), please use the underscore name 'script_dir' instead.
!!

        ********************************************************************************
        Usage of dash-separated 'script-dir' will not be supported in future
        versions. Please use the underscore name 'script_dir' instead.
        (Affected: wit_ros2_imu).

        Available configuration options are listed in:
        https://setuptools.pypa.io/en/latest/userguide/declarative_config.html

        This deprecation is overdue, please update your project and remove deprecated
        calls to avoid build errors in the future.

        See https://github.com/pypa/setuptools/discussions/5011 for details.
        ********************************************************************************

!!
  opt = self._enforce_underscore(opt, section)
running egg_info
writing build/wit_ros2_imu/wit_ros2_imu.egg-info/PKG-INFO
writing dependency_links to build/wit_ros2_imu/wit_ros2_imu.egg-info/dependency_links.txt
writing entry points to build/wit_ros2_imu/wit_ros2_imu.egg-info/entry_points.txt
writing requirements to build/wit_ros2_imu/wit_ros2_imu.egg-info/requires.txt
writing top-level names to build/wit_ros2_imu/wit_ros2_imu.egg-info/top_level.txt
reading manifest file 'build/wit_ros2_imu/wit_ros2_imu.egg-info/SOURCES.txt'
writing manifest file 'build/wit_ros2_imu/wit_ros2_imu.egg-info/SOURCES.txt'
running build
running build_py
running install
running install_lib
running install_data
running install_egg_info
removing '/home/bbcontact/Downloads/IMU Inertial Navigation Module-20260619T102908Z-3-001/IMU Inertial Navigation Module/1. Tutorials/2. IMU Application Routines/Program Files /6.ROS2 Application Program/ros2_imu/wit_ros2_imu/install/wit_ros2_imu/lib/python3.10/site-packages/wit_ros2_imu-0.0.0-py3.10.egg-info' (and everything under it)
Copying build/wit_ros2_imu/wit_ros2_imu.egg-info to /home/bbcontact/Downloads/IMU Inertial Navigation Module-20260619T102908Z-3-001/IMU Inertial Navigation Module/1. Tutorials/2. IMU Application Routines/Program Files /6.ROS2 Application Program/ros2_imu/wit_ros2_imu/install/wit_ros2_imu/lib/python3.10/site-packages/wit_ros2_imu-0.0.0-py3.10.egg-info
running install_scripts
Installing wit_ros2_imu script to /home/bbcontact/Downloads/IMU Inertial Navigation Module-20260619T102908Z-3-001/IMU Inertial Navigation Module/1. Tutorials/2. IMU Application Routines/Program Files /6.ROS2 Application Program/ros2_imu/wit_ros2_imu/install/wit_ros2_imu/lib/wit_ros2_imu
writing list of installed files to '/home/bbcontact/Downloads/IMU Inertial Navigation Module-20260619T102908Z-3-001/IMU Inertial Navigation Module/1. Tutorials/2. IMU Application Routines/Program Files /6.ROS2 Application Program/ros2_imu/wit_ros2_imu/build/wit_ros2_imu/install.log'
